mode: atomic
github.com/openchami/boot-service/cmd/server/bmc_handlers_generated.go:53.54,58.16 2 0
github.com/openchami/boot-service/cmd/server/bmc_handlers_generated.go:58.16,61.3 2 0
github.com/openchami/boot-service/cmd/server/bmc_handlers_generated.go:62.2,62.37 1 0
github.com/openchami/boot-service/cmd/server/bmc_handlers_generated.go:66.53,68.15 2 0
github.com/openchami/boot-service/cmd/server/bmc_handlers_generated.go:68.15,71.3 2 0
github.com/openchami/boot-service/cmd/server/bmc_handlers_generated.go:81.2,82.16 2 0
github.com/openchami/boot-service/cmd/server/bmc_handlers_generated.go:82.16,85.3 2 0
github.com/openchami/boot-service/cmd/server/bmc_handlers_generated.go:86.2,86.36 1 0
github.com/openchami/boot-service/cmd/server/bmc_handlers_generated.go:90.56,92.61 2 0
github.com/openchami/boot-service/cmd/server/bmc_handlers_generated.go:92.61,95.3 2 0
github.com/openchami/boot-service/cmd/server/bmc_handlers_generated.go:98.2,101.16 3 0
github.com/openchami/boot-service/cmd/server/bmc_handlers_generated.go:101.16,104.3 2 0
github.com/openchami/boot-service/cmd/server/bmc_handlers_generated.go:106.2,118.31 3 0
github.com/openchami/boot-service/cmd/server/bmc_handlers_generated.go:118.31,120.3 1 0
github.com/openchami/boot-service/cmd/server/bmc_handlers_generated.go:121.2,121.36 1 0
github.com/openchami/boot-service/cmd/server/bmc_handlers_generated.go:121.36,123.3 1 0
github.com/openchami/boot-service/cmd/server/bmc_handlers_generated.go:126.2,126.57 1 0
github.com/openchami/boot-service/cmd/server/bmc_handlers_generated.go:126.57,129.3 2 0
github.com/openchami/boot-service/cmd/server/bmc_handlers_generated.go:132.2,132.73 1 0
github.com/openchami/boot-service/cmd/server/bmc_handlers_generated.go:132.73,135.3 2 0
github.com/openchami/boot-service/cmd/server/bmc_handlers_generated.go:140.2,140.58 1 0
github.com/openchami/boot-service/cmd/server/bmc_handlers_generated.go:140.58,143.3 2 0
github.com/openchami/boot-service/cmd/server/bmc_handlers_generated.go:146.2,146.108 1 0
github.com/openchami/boot-service/cmd/server/bmc_handlers_generated.go:146.108,149.3 1 0
github.com/openchami/boot-service/cmd/server/bmc_handlers_generated.go:151.2,151.41 1 0
github.com/openchami/boot-service/cmd/server/bmc_handlers_generated.go:156.56,158.15 2 0
github.com/openchami/boot-service/cmd/server/bmc_handlers_generated.go:158.15,161.3 2 0
github.com/openchami/boot-service/cmd/server/bmc_handlers_generated.go:163.2,164.16 2 0
github.com/openchami/boot-service/cmd/server/bmc_handlers_generated.go:164.16,167.3 2 0
github.com/openchami/boot-service/cmd/server/bmc_handlers_generated.go:169.2,170.61 2 0
github.com/openchami/boot-service/cmd/server/bmc_handlers_generated.go:170.61,173.3 2 0
github.com/openchami/boot-service/cmd/server/bmc_handlers_generated.go:176.2,176.20 1 0
github.com/openchami/boot-service/cmd/server/bmc_handlers_generated.go:176.20,178.3 1 0
github.com/openchami/boot-service/cmd/server/bmc_handlers_generated.go:181.2,184.31 2 0
github.com/openchami/boot-service/cmd/server/bmc_handlers_generated.go:184.31,186.3 1 0
github.com/openchami/boot-service/cmd/server/bmc_handlers_generated.go:187.2,187.36 1 0
github.com/openchami/boot-service/cmd/server/bmc_handlers_generated.go:187.36,189.3 1 0
github.com/openchami/boot-service/cmd/server/bmc_handlers_generated.go:191.2,193.58 2 0
github.com/openchami/boot-service/cmd/server/bmc_handlers_generated.go:193.58,196.3 2 0
github.com/openchami/boot-service/cmd/server/bmc_handlers_generated.go:199.2,202.124 2 0
github.com/openchami/boot-service/cmd/server/bmc_handlers_generated.go:202.124,205.3 1 0
github.com/openchami/boot-service/cmd/server/bmc_handlers_generated.go:207.2,207.36 1 0
github.com/openchami/boot-service/cmd/server/bmc_handlers_generated.go:212.55,214.15 2 0
github.com/openchami/boot-service/cmd/server/bmc_handlers_generated.go:214.15,217.3 2 0
github.com/openchami/boot-service/cmd/server/bmc_handlers_generated.go:219.2,220.16 2 0
github.com/openchami/boot-service/cmd/server/bmc_handlers_generated.go:220.16,223.3 2 0
github.com/openchami/boot-service/cmd/server/bmc_handlers_generated.go:226.2,227.16 2 0
github.com/openchami/boot-service/cmd/server/bmc_handlers_generated.go:227.16,230.3 2 0
github.com/openchami/boot-service/cmd/server/bmc_handlers_generated.go:233.2,234.16 2 0
github.com/openchami/boot-service/cmd/server/bmc_handlers_generated.go:234.16,237.3 2 0
github.com/openchami/boot-service/cmd/server/bmc_handlers_generated.go:240.2,248.16 4 0
github.com/openchami/boot-service/cmd/server/bmc_handlers_generated.go:248.16,251.3 2 0
github.com/openchami/boot-service/cmd/server/bmc_handlers_generated.go:254.2,254.71 1 0
github.com/openchami/boot-service/cmd/server/bmc_handlers_generated.go:254.71,257.3 2 0
github.com/openchami/boot-service/cmd/server/bmc_handlers_generated.go:260.2,263.58 2 0
github.com/openchami/boot-service/cmd/server/bmc_handlers_generated.go:263.58,266.3 2 0
github.com/openchami/boot-service/cmd/server/bmc_handlers_generated.go:269.2,273.123 2 0
github.com/openchami/boot-service/cmd/server/bmc_handlers_generated.go:273.123,276.3 1 0
github.com/openchami/boot-service/cmd/server/bmc_handlers_generated.go:278.2,278.36 1 0
github.com/openchami/boot-service/cmd/server/bmc_handlers_generated.go:287.62,289.15 2 0
github.com/openchami/boot-service/cmd/server/bmc_handlers_generated.go:289.15,292.3 2 0
github.com/openchami/boot-service/cmd/server/bmc_handlers_generated.go:297.2,298.16 2 0
github.com/openchami/boot-service/cmd/server/bmc_handlers_generated.go:298.16,301.3 2 0
github.com/openchami/boot-service/cmd/server/bmc_handlers_generated.go:303.2,304.70 2 0
github.com/openchami/boot-service/cmd/server/bmc_handlers_generated.go:304.70,307.3 2 0
github.com/openchami/boot-service/cmd/server/bmc_handlers_generated.go:310.2,313.58 3 0
github.com/openchami/boot-service/cmd/server/bmc_handlers_generated.go:313.58,316.3 2 0
github.com/openchami/boot-service/cmd/server/bmc_handlers_generated.go:319.2,323.124 2 0
github.com/openchami/boot-service/cmd/server/bmc_handlers_generated.go:323.124,326.3 1 0
github.com/openchami/boot-service/cmd/server/bmc_handlers_generated.go:328.2,328.36 1 0
github.com/openchami/boot-service/cmd/server/bmc_handlers_generated.go:334.61,336.15 2 0
github.com/openchami/boot-service/cmd/server/bmc_handlers_generated.go:336.15,339.3 2 0
github.com/openchami/boot-service/cmd/server/bmc_handlers_generated.go:344.2,345.16 2 0
github.com/openchami/boot-service/cmd/server/bmc_handlers_generated.go:345.16,348.3 2 0
github.com/openchami/boot-service/cmd/server/bmc_handlers_generated.go:350.2,351.16 2 0
github.com/openchami/boot-service/cmd/server/bmc_handlers_generated.go:351.16,354.3 2 0
github.com/openchami/boot-service/cmd/server/bmc_handlers_generated.go:357.2,358.16 2 0
github.com/openchami/boot-service/cmd/server/bmc_handlers_generated.go:358.16,361.3 2 0
github.com/openchami/boot-service/cmd/server/bmc_handlers_generated.go:363.2,370.16 4 0
github.com/openchami/boot-service/cmd/server/bmc_handlers_generated.go:370.16,373.3 2 0
github.com/openchami/boot-service/cmd/server/bmc_handlers_generated.go:376.2,376.73 1 0
github.com/openchami/boot-service/cmd/server/bmc_handlers_generated.go:376.73,379.3 2 0
github.com/openchami/boot-service/cmd/server/bmc_handlers_generated.go:381.2,383.58 2 0
github.com/openchami/boot-service/cmd/server/bmc_handlers_generated.go:383.58,386.3 2 0
github.com/openchami/boot-service/cmd/server/bmc_handlers_generated.go:389.2,394.123 2 0
github.com/openchami/boot-service/cmd/server/bmc_handlers_generated.go:394.123,396.3 1 0
github.com/openchami/boot-service/cmd/server/bmc_handlers_generated.go:398.2,398.36 1 0
github.com/openchami/boot-service/cmd/server/bmc_handlers_generated.go:402.56,404.15 2 0
github.com/openchami/boot-service/cmd/server/bmc_handlers_generated.go:404.15,407.3 2 0
github.com/openchami/boot-service/cmd/server/bmc_handlers_generated.go:410.2,411.16 2 0
github.com/openchami/boot-service/cmd/server/bmc_handlers_generated.go:411.16,414.3 2 0
github.com/openchami/boot-service/cmd/server/bmc_handlers_generated.go:416.2,416.60 1 0
github.com/openchami/boot-service/cmd/server/bmc_handlers_generated.go:416.60,419.3 2 0
github.com/openchami/boot-service/cmd/server/bmc_handlers_generated.go:422.2,425.119 2 0
github.com/openchami/boot-service/cmd/server/bmc_handlers_generated.go:425.119,428.3 1 0
github.com/openchami/boot-service/cmd/server/bmc_handlers_generated.go:430.2,433.4 1 0
github.com/openchami/boot-service/cmd/server/bootconfiguration_handlers_generated.go:53.68,58.16 2 0
github.com/openchami/boot-service/cmd/server/bootconfiguration_handlers_generated.go:58.16,61.3 2 0
github.com/openchami/boot-service/cmd/server/bootconfiguration_handlers_generated.go:62.2,62.51 1 0
github.com/openchami/boot-service/cmd/server/bootconfiguration_handlers_generated.go:66.67,68.15 2 0
github.com/openchami/boot-service/cmd/server/bootconfiguration_handlers_generated.go:68.15,71.3 2 0
github.com/openchami/boot-service/cmd/server/bootconfiguration_handlers_generated.go:81.2,82.16 2 0
github.com/openchami/boot-service/cmd/server/bootconfiguration_handlers_generated.go:82.16,85.3 2 0
github.com/openchami/boot-service/cmd/server/bootconfiguration_handlers_generated.go:86.2,86.50 1 0
github.com/openchami/boot-service/cmd/server/bootconfiguration_handlers_generated.go:90.70,92.61 2 0
github.com/openchami/boot-service/cmd/server/bootconfiguration_handlers_generated.go:92.61,95.3 2 0
github.com/openchami/boot-service/cmd/server/bootconfiguration_handlers_generated.go:98.2,101.16 3 0
github.com/openchami/boot-service/cmd/server/bootconfiguration_handlers_generated.go:101.16,104.3 2 0
github.com/openchami/boot-service/cmd/server/bootconfiguration_handlers_generated.go:106.2,118.31 3 0
github.com/openchami/boot-service/cmd/server/bootconfiguration_handlers_generated.go:118.31,120.3 1 0
github.com/openchami/boot-service/cmd/server/bootconfiguration_handlers_generated.go:121.2,121.36 1 0
github.com/openchami/boot-service/cmd/server/bootconfiguration_handlers_generated.go:121.36,123.3 1 0
github.com/openchami/boot-service/cmd/server/bootconfiguration_handlers_generated.go:126.2,126.71 1 0
github.com/openchami/boot-service/cmd/server/bootconfiguration_handlers_generated.go:126.71,129.3 2 0
github.com/openchami/boot-service/cmd/server/bootconfiguration_handlers_generated.go:132.2,132.87 1 0
github.com/openchami/boot-service/cmd/server/bootconfiguration_handlers_generated.go:132.87,135.3 2 0
github.com/openchami/boot-service/cmd/server/bootconfiguration_handlers_generated.go:140.2,140.86 1 0
github.com/openchami/boot-service/cmd/server/bootconfiguration_handlers_generated.go:140.86,143.3 2 0
github.com/openchami/boot-service/cmd/server/bootconfiguration_handlers_generated.go:146.2,146.164 1 0
github.com/openchami/boot-service/cmd/server/bootconfiguration_handlers_generated.go:146.164,149.3 1 0
github.com/openchami/boot-service/cmd/server/bootconfiguration_handlers_generated.go:151.2,151.55 1 0
github.com/openchami/boot-service/cmd/server/bootconfiguration_handlers_generated.go:156.70,158.15 2 0
github.com/openchami/boot-service/cmd/server/bootconfiguration_handlers_generated.go:158.15,161.3 2 0
github.com/openchami/boot-service/cmd/server/bootconfiguration_handlers_generated.go:163.2,164.16 2 0
github.com/openchami/boot-service/cmd/server/bootconfiguration_handlers_generated.go:164.16,167.3 2 0
github.com/openchami/boot-service/cmd/server/bootconfiguration_handlers_generated.go:169.2,170.61 2 0
github.com/openchami/boot-service/cmd/server/bootconfiguration_handlers_generated.go:170.61,173.3 2 0
github.com/openchami/boot-service/cmd/server/bootconfiguration_handlers_generated.go:176.2,176.20 1 0
github.com/openchami/boot-service/cmd/server/bootconfiguration_handlers_generated.go:176.20,178.3 1 0
github.com/openchami/boot-service/cmd/server/bootconfiguration_handlers_generated.go:181.2,184.31 2 0
github.com/openchami/boot-service/cmd/server/bootconfiguration_handlers_generated.go:184.31,186.3 1 0
github.com/openchami/boot-service/cmd/server/bootconfiguration_handlers_generated.go:187.2,187.36 1 0
github.com/openchami/boot-service/cmd/server/bootconfiguration_handlers_generated.go:187.36,189.3 1 0
github.com/openchami/boot-service/cmd/server/bootconfiguration_handlers_generated.go:191.2,193.86 2 0
github.com/openchami/boot-service/cmd/server/bootconfiguration_handlers_generated.go:193.86,196.3 2 0
github.com/openchami/boot-service/cmd/server/bootconfiguration_handlers_generated.go:199.2,202.180 2 0
github.com/openchami/boot-service/cmd/server/bootconfiguration_handlers_generated.go:202.180,205.3 1 0
github.com/openchami/boot-service/cmd/server/bootconfiguration_handlers_generated.go:207.2,207.50 1 0
github.com/openchami/boot-service/cmd/server/bootconfiguration_handlers_generated.go:212.69,214.15 2 0
github.com/openchami/boot-service/cmd/server/bootconfiguration_handlers_generated.go:214.15,217.3 2 0
github.com/openchami/boot-service/cmd/server/bootconfiguration_handlers_generated.go:219.2,220.16 2 0
github.com/openchami/boot-service/cmd/server/bootconfiguration_handlers_generated.go:220.16,223.3 2 0
github.com/openchami/boot-service/cmd/server/bootconfiguration_handlers_generated.go:226.2,227.16 2 0
github.com/openchami/boot-service/cmd/server/bootconfiguration_handlers_generated.go:227.16,230.3 2 0
github.com/openchami/boot-service/cmd/server/bootconfiguration_handlers_generated.go:233.2,234.16 2 0
github.com/openchami/boot-service/cmd/server/bootconfiguration_handlers_generated.go:234.16,237.3 2 0
github.com/openchami/boot-service/cmd/server/bootconfiguration_handlers_generated.go:240.2,248.16 4 0
github.com/openchami/boot-service/cmd/server/bootconfiguration_handlers_generated.go:248.16,251.3 2 0
github.com/openchami/boot-service/cmd/server/bootconfiguration_handlers_generated.go:254.2,254.85 1 0
github.com/openchami/boot-service/cmd/server/bootconfiguration_handlers_generated.go:254.85,257.3 2 0
github.com/openchami/boot-service/cmd/server/bootconfiguration_handlers_generated.go:260.2,263.86 2 0
github.com/openchami/boot-service/cmd/server/bootconfiguration_handlers_generated.go:263.86,266.3 2 0
github.com/openchami/boot-service/cmd/server/bootconfiguration_handlers_generated.go:269.2,273.179 2 0
github.com/openchami/boot-service/cmd/server/bootconfiguration_handlers_generated.go:273.179,276.3 1 0
github.com/openchami/boot-service/cmd/server/bootconfiguration_handlers_generated.go:278.2,278.50 1 0
github.com/openchami/boot-service/cmd/server/bootconfiguration_handlers_generated.go:287.76,289.15 2 0
github.com/openchami/boot-service/cmd/server/bootconfiguration_handlers_generated.go:289.15,292.3 2 0
github.com/openchami/boot-service/cmd/server/bootconfiguration_handlers_generated.go:297.2,298.16 2 0
github.com/openchami/boot-service/cmd/server/bootconfiguration_handlers_generated.go:298.16,301.3 2 0
github.com/openchami/boot-service/cmd/server/bootconfiguration_handlers_generated.go:303.2,304.70 2 0
github.com/openchami/boot-service/cmd/server/bootconfiguration_handlers_generated.go:304.70,307.3 2 0
github.com/openchami/boot-service/cmd/server/bootconfiguration_handlers_generated.go:310.2,313.72 3 0
github.com/openchami/boot-service/cmd/server/bootconfiguration_handlers_generated.go:313.72,316.3 2 0
github.com/openchami/boot-service/cmd/server/bootconfiguration_handlers_generated.go:319.2,323.138 2 0
github.com/openchami/boot-service/cmd/server/bootconfiguration_handlers_generated.go:323.138,326.3 1 0
github.com/openchami/boot-service/cmd/server/bootconfiguration_handlers_generated.go:328.2,328.36 1 0
github.com/openchami/boot-service/cmd/server/bootconfiguration_handlers_generated.go:334.75,336.15 2 0
github.com/openchami/boot-service/cmd/server/bootconfiguration_handlers_generated.go:336.15,339.3 2 0
github.com/openchami/boot-service/cmd/server/bootconfiguration_handlers_generated.go:344.2,345.16 2 0
github.com/openchami/boot-service/cmd/server/bootconfiguration_handlers_generated.go:345.16,348.3 2 0
github.com/openchami/boot-service/cmd/server/bootconfiguration_handlers_generated.go:350.2,351.16 2 0
github.com/openchami/boot-service/cmd/server/bootconfiguration_handlers_generated.go:351.16,354.3 2 0
github.com/openchami/boot-service/cmd/server/bootconfiguration_handlers_generated.go:357.2,358.16 2 0
github.com/openchami/boot-service/cmd/server/bootconfiguration_handlers_generated.go:358.16,361.3 2 0
github.com/openchami/boot-service/cmd/server/bootconfiguration_handlers_generated.go:363.2,370.16 4 0
github.com/openchami/boot-service/cmd/server/bootconfiguration_handlers_generated.go:370.16,373.3 2 0
github.com/openchami/boot-service/cmd/server/bootconfiguration_handlers_generated.go:376.2,376.73 1 0
github.com/openchami/boot-service/cmd/server/bootconfiguration_handlers_generated.go:376.73,379.3 2 0
github.com/openchami/boot-service/cmd/server/bootconfiguration_handlers_generated.go:381.2,383.72 2 0
github.com/openchami/boot-service/cmd/server/bootconfiguration_handlers_generated.go:383.72,386.3 2 0
github.com/openchami/boot-service/cmd/server/bootconfiguration_handlers_generated.go:389.2,394.137 2 0
github.com/openchami/boot-service/cmd/server/bootconfiguration_handlers_generated.go:394.137,396.3 1 0
github.com/openchami/boot-service/cmd/server/bootconfiguration_handlers_generated.go:398.2,398.36 1 0
github.com/openchami/boot-service/cmd/server/bootconfiguration_handlers_generated.go:402.70,404.15 2 0
github.com/openchami/boot-service/cmd/server/bootconfiguration_handlers_generated.go:404.15,407.3 2 0
github.com/openchami/boot-service/cmd/server/bootconfiguration_handlers_generated.go:410.2,411.16 2 0
github.com/openchami/boot-service/cmd/server/bootconfiguration_handlers_generated.go:411.16,414.3 2 0
github.com/openchami/boot-service/cmd/server/bootconfiguration_handlers_generated.go:416.2,416.74 1 0
github.com/openchami/boot-service/cmd/server/bootconfiguration_handlers_generated.go:416.74,419.3 2 0
github.com/openchami/boot-service/cmd/server/bootconfiguration_handlers_generated.go:422.2,425.161 2 0
github.com/openchami/boot-service/cmd/server/bootconfiguration_handlers_generated.go:425.161,428.3 1 0
github.com/openchami/boot-service/cmd/server/bootconfiguration_handlers_generated.go:430.2,433.4 1 0
github.com/openchami/boot-service/cmd/server/main.go:58.29,75.2 1 0
github.com/openchami/boot-service/cmd/server/main.go:90.13,120.2 16 0
github.com/openchami/boot-service/cmd/server/main.go:122.13,139.45 10 0
github.com/openchami/boot-service/cmd/server/main.go:139.45,140.56 1 0
github.com/openchami/boot-service/cmd/server/main.go:140.56,142.4 1 0
github.com/openchami/boot-service/cmd/server/main.go:145.2,145.42 1 0
github.com/openchami/boot-service/cmd/server/main.go:145.42,147.3 1 0
github.com/openchami/boot-service/cmd/server/main.go:150.56,153.49 2 0
github.com/openchami/boot-service/cmd/server/main.go:153.49,155.3 1 0
github.com/openchami/boot-service/cmd/server/main.go:156.2,156.47 1 0
github.com/openchami/boot-service/cmd/server/main.go:156.47,158.3 1 0
github.com/openchami/boot-service/cmd/server/main.go:161.2,168.64 5 0
github.com/openchami/boot-service/cmd/server/main.go:168.64,170.3 1 0
github.com/openchami/boot-service/cmd/server/main.go:173.2,174.25 2 0
github.com/openchami/boot-service/cmd/server/main.go:174.25,177.33 3 0
github.com/openchami/boot-service/cmd/server/main.go:177.33,179.4 1 0
github.com/openchami/boot-service/cmd/server/main.go:181.3,187.47 5 0
github.com/openchami/boot-service/cmd/server/main.go:187.47,190.4 2 0
github.com/openchami/boot-service/cmd/server/main.go:190.9,192.4 1 0
github.com/openchami/boot-service/cmd/server/main.go:196.2,206.66 7 0
github.com/openchami/boot-service/cmd/server/main.go:206.66,210.3 3 0
github.com/openchami/boot-service/cmd/server/main.go:213.2,213.26 1 0
github.com/openchami/boot-service/cmd/server/main.go:213.26,215.42 1 0
github.com/openchami/boot-service/cmd/server/main.go:215.42,217.4 1 0
github.com/openchami/boot-service/cmd/server/main.go:220.3,220.32 1 0
github.com/openchami/boot-service/cmd/server/main.go:224.2,227.28 2 0
github.com/openchami/boot-service/cmd/server/main.go:227.28,230.17 2 0
github.com/openchami/boot-service/cmd/server/main.go:230.17,232.4 1 0
github.com/openchami/boot-service/cmd/server/main.go:234.3,238.23 4 0
github.com/openchami/boot-service/cmd/server/main.go:238.23,240.4 1 0
github.com/openchami/boot-service/cmd/server/main.go:240.9,242.4 1 0
github.com/openchami/boot-service/cmd/server/main.go:246.2,258.12 4 0
github.com/openchami/boot-service/cmd/server/main.go:258.12,267.54 7 0
github.com/openchami/boot-service/cmd/server/main.go:267.54,269.4 1 0
github.com/openchami/boot-service/cmd/server/main.go:270.3,270.11 1 0
github.com/openchami/boot-service/cmd/server/main.go:274.2,276.79 3 0
github.com/openchami/boot-service/cmd/server/main.go:276.79,278.3 1 0
github.com/openchami/boot-service/cmd/server/main.go:280.2,282.12 3 0
github.com/openchami/boot-service/cmd/server/main.go:285.42,286.45 1 0
github.com/openchami/boot-service/cmd/server/main.go:286.45,288.3 1 0
github.com/openchami/boot-service/cmd/server/main.go:289.2,289.53 1 0
github.com/openchami/boot-service/cmd/server/main.go:289.53,291.3 1 0
github.com/openchami/boot-service/cmd/server/main.go:293.2,293.12 1 0
github.com/openchami/boot-service/cmd/server/main.go:296.40,303.62 5 0
github.com/openchami/boot-service/cmd/server/main.go:303.62,305.3 1 0
github.com/openchami/boot-service/cmd/server/main.go:308.61,313.2 3 0
github.com/openchami/boot-service/cmd/server/models_generated.go:120.71,123.56 3 0
github.com/openchami/boot-service/cmd/server/models_generated.go:123.56,125.3 1 0
github.com/openchami/boot-service/cmd/server/models_generated.go:129.65,137.2 4 0
github.com/openchami/boot-service/cmd/server/node_handlers_generated.go:53.55,58.16 2 0
github.com/openchami/boot-service/cmd/server/node_handlers_generated.go:58.16,61.3 2 0
github.com/openchami/boot-service/cmd/server/node_handlers_generated.go:62.2,62.38 1 0
github.com/openchami/boot-service/cmd/server/node_handlers_generated.go:66.54,68.15 2 0
github.com/openchami/boot-service/cmd/server/node_handlers_generated.go:68.15,71.3 2 0
github.com/openchami/boot-service/cmd/server/node_handlers_generated.go:81.2,82.16 2 0
github.com/openchami/boot-service/cmd/server/node_handlers_generated.go:82.16,85.3 2 0
github.com/openchami/boot-service/cmd/server/node_handlers_generated.go:86.2,86.37 1 0
github.com/openchami/boot-service/cmd/server/node_handlers_generated.go:90.57,92.61 2 0
github.com/openchami/boot-service/cmd/server/node_handlers_generated.go:92.61,95.3 2 0
github.com/openchami/boot-service/cmd/server/node_handlers_generated.go:98.2,101.16 3 0
github.com/openchami/boot-service/cmd/server/node_handlers_generated.go:101.16,104.3 2 0
github.com/openchami/boot-service/cmd/server/node_handlers_generated.go:106.2,118.31 3 0
github.com/openchami/boot-service/cmd/server/node_handlers_generated.go:118.31,120.3 1 0
github.com/openchami/boot-service/cmd/server/node_handlers_generated.go:121.2,121.36 1 0
github.com/openchami/boot-service/cmd/server/node_handlers_generated.go:121.36,123.3 1 0
github.com/openchami/boot-service/cmd/server/node_handlers_generated.go:126.2,126.58 1 0
github.com/openchami/boot-service/cmd/server/node_handlers_generated.go:126.58,129.3 2 0
github.com/openchami/boot-service/cmd/server/node_handlers_generated.go:132.2,132.74 1 0
github.com/openchami/boot-service/cmd/server/node_handlers_generated.go:132.74,135.3 2 0
github.com/openchami/boot-service/cmd/server/node_handlers_generated.go:140.2,140.60 1 0
github.com/openchami/boot-service/cmd/server/node_handlers_generated.go:140.60,143.3 2 0
github.com/openchami/boot-service/cmd/server/node_handlers_generated.go:146.2,146.112 1 0
github.com/openchami/boot-service/cmd/server/node_handlers_generated.go:146.112,149.3 1 0
github.com/openchami/boot-service/cmd/server/node_handlers_generated.go:151.2,151.42 1 0
github.com/openchami/boot-service/cmd/server/node_handlers_generated.go:156.57,158.15 2 0
github.com/openchami/boot-service/cmd/server/node_handlers_generated.go:158.15,161.3 2 0
github.com/openchami/boot-service/cmd/server/node_handlers_generated.go:163.2,164.16 2 0
github.com/openchami/boot-service/cmd/server/node_handlers_generated.go:164.16,167.3 2 0
github.com/openchami/boot-service/cmd/server/node_handlers_generated.go:169.2,170.61 2 0
github.com/openchami/boot-service/cmd/server/node_handlers_generated.go:170.61,173.3 2 0
github.com/openchami/boot-service/cmd/server/node_handlers_generated.go:176.2,176.20 1 0
github.com/openchami/boot-service/cmd/server/node_handlers_generated.go:176.20,178.3 1 0
github.com/openchami/boot-service/cmd/server/node_handlers_generated.go:181.2,184.31 2 0
github.com/openchami/boot-service/cmd/server/node_handlers_generated.go:184.31,186.3 1 0
github.com/openchami/boot-service/cmd/server/node_handlers_generated.go:187.2,187.36 1 0
github.com/openchami/boot-service/cmd/server/node_handlers_generated.go:187.36,189.3 1 0
github.com/openchami/boot-service/cmd/server/node_handlers_generated.go:191.2,193.60 2 0
github.com/openchami/boot-service/cmd/server/node_handlers_generated.go:193.60,196.3 2 0
github.com/openchami/boot-service/cmd/server/node_handlers_generated.go:199.2,202.128 2 0
github.com/openchami/boot-service/cmd/server/node_handlers_generated.go:202.128,205.3 1 0
github.com/openchami/boot-service/cmd/server/node_handlers_generated.go:207.2,207.37 1 0
github.com/openchami/boot-service/cmd/server/node_handlers_generated.go:212.56,214.15 2 0
github.com/openchami/boot-service/cmd/server/node_handlers_generated.go:214.15,217.3 2 0
github.com/openchami/boot-service/cmd/server/node_handlers_generated.go:219.2,220.16 2 0
github.com/openchami/boot-service/cmd/server/node_handlers_generated.go:220.16,223.3 2 0
github.com/openchami/boot-service/cmd/server/node_handlers_generated.go:226.2,227.16 2 0
github.com/openchami/boot-service/cmd/server/node_handlers_generated.go:227.16,230.3 2 0
github.com/openchami/boot-service/cmd/server/node_handlers_generated.go:233.2,234.16 2 0
github.com/openchami/boot-service/cmd/server/node_handlers_generated.go:234.16,237.3 2 0
github.com/openchami/boot-service/cmd/server/node_handlers_generated.go:240.2,248.16 4 0
github.com/openchami/boot-service/cmd/server/node_handlers_generated.go:248.16,251.3 2 0
github.com/openchami/boot-service/cmd/server/node_handlers_generated.go:254.2,254.72 1 0
github.com/openchami/boot-service/cmd/server/node_handlers_generated.go:254.72,257.3 2 0
github.com/openchami/boot-service/cmd/server/node_handlers_generated.go:260.2,263.60 2 0
github.com/openchami/boot-service/cmd/server/node_handlers_generated.go:263.60,266.3 2 0
github.com/openchami/boot-service/cmd/server/node_handlers_generated.go:269.2,273.127 2 0
github.com/openchami/boot-service/cmd/server/node_handlers_generated.go:273.127,276.3 1 0
github.com/openchami/boot-service/cmd/server/node_handlers_generated.go:278.2,278.37 1 0
github.com/openchami/boot-service/cmd/server/node_handlers_generated.go:287.63,289.15 2 0
github.com/openchami/boot-service/cmd/server/node_handlers_generated.go:289.15,292.3 2 0
github.com/openchami/boot-service/cmd/server/node_handlers_generated.go:297.2,298.16 2 0
github.com/openchami/boot-service/cmd/server/node_handlers_generated.go:298.16,301.3 2 0
github.com/openchami/boot-service/cmd/server/node_handlers_generated.go:303.2,304.70 2 0
github.com/openchami/boot-service/cmd/server/node_handlers_generated.go:304.70,307.3 2 0
github.com/openchami/boot-service/cmd/server/node_handlers_generated.go:310.2,313.59 3 0
github.com/openchami/boot-service/cmd/server/node_handlers_generated.go:313.59,316.3 2 0
github.com/openchami/boot-service/cmd/server/node_handlers_generated.go:319.2,323.125 2 0
github.com/openchami/boot-service/cmd/server/node_handlers_generated.go:323.125,326.3 1 0
github.com/openchami/boot-service/cmd/server/node_handlers_generated.go:328.2,328.36 1 0
github.com/openchami/boot-service/cmd/server/node_handlers_generated.go:334.62,336.15 2 0
github.com/openchami/boot-service/cmd/server/node_handlers_generated.go:336.15,339.3 2 0
github.com/openchami/boot-service/cmd/server/node_handlers_generated.go:344.2,345.16 2 0
github.com/openchami/boot-service/cmd/server/node_handlers_generated.go:345.16,348.3 2 0
github.com/openchami/boot-service/cmd/server/node_handlers_generated.go:350.2,351.16 2 0
github.com/openchami/boot-service/cmd/server/node_handlers_generated.go:351.16,354.3 2 0
github.com/openchami/boot-service/cmd/server/node_handlers_generated.go:357.2,358.16 2 0
github.com/openchami/boot-service/cmd/server/node_handlers_generated.go:358.16,361.3 2 0
github.com/openchami/boot-service/cmd/server/node_handlers_generated.go:363.2,370.16 4 0
github.com/openchami/boot-service/cmd/server/node_handlers_generated.go:370.16,373.3 2 0
github.com/openchami/boot-service/cmd/server/node_handlers_generated.go:376.2,376.73 1 0
github.com/openchami/boot-service/cmd/server/node_handlers_generated.go:376.73,379.3 2 0
github.com/openchami/boot-service/cmd/server/node_handlers_generated.go:381.2,383.59 2 0
github.com/openchami/boot-service/cmd/server/node_handlers_generated.go:383.59,386.3 2 0
github.com/openchami/boot-service/cmd/server/node_handlers_generated.go:389.2,394.124 2 0
github.com/openchami/boot-service/cmd/server/node_handlers_generated.go:394.124,396.3 1 0
github.com/openchami/boot-service/cmd/server/node_handlers_generated.go:398.2,398.36 1 0
github.com/openchami/boot-service/cmd/server/node_handlers_generated.go:402.57,404.15 2 0
github.com/openchami/boot-service/cmd/server/node_handlers_generated.go:404.15,407.3 2 0
github.com/openchami/boot-service/cmd/server/node_handlers_generated.go:410.2,411.16 2 0
github.com/openchami/boot-service/cmd/server/node_handlers_generated.go:411.16,414.3 2 0
github.com/openchami/boot-service/cmd/server/node_handlers_generated.go:416.2,416.61 1 0
github.com/openchami/boot-service/cmd/server/node_handlers_generated.go:416.61,419.3 2 0
github.com/openchami/boot-service/cmd/server/node_handlers_generated.go:422.2,425.122 2 0
github.com/openchami/boot-service/cmd/server/node_handlers_generated.go:425.122,428.3 1 0
github.com/openchami/boot-service/cmd/server/node_handlers_generated.go:430.2,433.4 1 0
github.com/openchami/boot-service/cmd/server/openapi_generated.go:34.63,37.56 3 0
github.com/openchami/boot-service/cmd/server/openapi_generated.go:37.56,39.3 1 0
github.com/openchami/boot-service/cmd/server/openapi_generated.go:43.61,81.2 3 0
github.com/openchami/boot-service/cmd/server/openapi_generated.go:84.40,114.2 5 0
github.com/openchami/boot-service/cmd/server/openapi_generated.go:117.41,129.68 7 0
github.com/openchami/boot-service/cmd/server/openapi_generated.go:129.68,134.3 2 0
github.com/openchami/boot-service/cmd/server/openapi_generated.go:137.2,137.69 1 0
github.com/openchami/boot-service/cmd/server/openapi_generated.go:137.69,140.3 2 0
github.com/openchami/boot-service/cmd/server/openapi_generated.go:143.2,264.41 55 0
github.com/openchami/boot-service/cmd/server/openapi_generated.go:268.55,280.68 7 0
github.com/openchami/boot-service/cmd/server/openapi_generated.go:280.68,285.3 2 0
github.com/openchami/boot-service/cmd/server/openapi_generated.go:288.2,288.69 1 0
github.com/openchami/boot-service/cmd/server/openapi_generated.go:288.69,291.3 2 0
github.com/openchami/boot-service/cmd/server/openapi_generated.go:294.2,415.55 55 0
github.com/openchami/boot-service/cmd/server/openapi_generated.go:419.42,431.68 7 0
github.com/openchami/boot-service/cmd/server/openapi_generated.go:431.68,436.3 2 0
github.com/openchami/boot-service/cmd/server/openapi_generated.go:439.2,439.69 1 0
github.com/openchami/boot-service/cmd/server/openapi_generated.go:439.69,442.3 2 0
github.com/openchami/boot-service/cmd/server/openapi_generated.go:445.2,566.42 55 0
github.com/openchami/boot-service/cmd/server/openapi_generated.go:570.44,578.2 1 0
github.com/openchami/boot-service/cmd/server/routes_generated.go:44.44,47.38 1 0
github.com/openchami/boot-service/cmd/server/routes_generated.go:47.38,50.40 3 0
github.com/openchami/boot-service/cmd/server/routes_generated.go:50.40,57.42 5 0
github.com/openchami/boot-service/cmd/server/routes_generated.go:57.42,60.5 2 0
github.com/openchami/boot-service/cmd/server/routes_generated.go:65.2,65.52 1 0
github.com/openchami/boot-service/cmd/server/routes_generated.go:65.52,68.40 3 0
github.com/openchami/boot-service/cmd/server/routes_generated.go:68.40,75.42 5 0
github.com/openchami/boot-service/cmd/server/routes_generated.go:75.42,78.5 2 0
github.com/openchami/boot-service/cmd/server/routes_generated.go:83.2,83.39 1 0
github.com/openchami/boot-service/cmd/server/routes_generated.go:83.39,86.40 3 0
github.com/openchami/boot-service/cmd/server/routes_generated.go:86.40,93.42 5 0
github.com/openchami/boot-service/cmd/server/routes_generated.go:93.42,96.5 2 0
github.com/openchami/boot-service/cmd/server/routes_generated.go:101.2,102.32 2 0
github.com/openchami/boot-service/cmd/client/main.go:91.13,92.42 1 0
github.com/openchami/boot-service/cmd/client/main.go:92.42,95.3 2 0
github.com/openchami/boot-service/cmd/client/main.go:104.13,129.2 15 0
github.com/openchami/boot-service/cmd/client/main.go:131.19,132.19 1 0
github.com/openchami/boot-service/cmd/client/main.go:132.19,134.3 1 0
github.com/openchami/boot-service/cmd/client/main.go:134.8,136.17 2 0
github.com/openchami/boot-service/cmd/client/main.go:136.17,139.4 2 0
github.com/openchami/boot-service/cmd/client/main.go:141.3,143.43 3 0
github.com/openchami/boot-service/cmd/client/main.go:146.2,146.45 1 0
github.com/openchami/boot-service/cmd/client/main.go:146.45,148.3 1 0
github.com/openchami/boot-service/cmd/client/main.go:151.42,154.16 3 0
github.com/openchami/boot-service/cmd/client/main.go:154.16,156.3 1 0
github.com/openchami/boot-service/cmd/client/main.go:159.2,160.19 2 0
github.com/openchami/boot-service/cmd/client/main.go:160.19,162.3 1 0
github.com/openchami/boot-service/cmd/client/main.go:164.2,164.15 1 0
github.com/openchami/boot-service/cmd/client/main.go:167.42,168.16 1 0
github.com/openchami/boot-service/cmd/client/main.go:169.14,172.30 3 0
github.com/openchami/boot-service/cmd/client/main.go:173.14,175.55 1 0
github.com/openchami/boot-service/cmd/client/main.go:176.15,180.30 3 0
github.com/openchami/boot-service/cmd/client/main.go:181.10,182.57 1 0
github.com/openchami/boot-service/cmd/client/main.go:188.84,193.44 3 0
github.com/openchami/boot-service/cmd/client/main.go:193.44,194.27 1 0
github.com/openchami/boot-service/cmd/client/main.go:194.27,196.4 1 0
github.com/openchami/boot-service/cmd/client/main.go:197.3,197.63 1 0
github.com/openchami/boot-service/cmd/client/main.go:197.63,199.4 1 0
github.com/openchami/boot-service/cmd/client/main.go:199.9,203.4 2 0
github.com/openchami/boot-service/cmd/client/main.go:207.2,208.18 2 0
github.com/openchami/boot-service/cmd/client/main.go:208.18,211.3 1 0
github.com/openchami/boot-service/cmd/client/main.go:211.8,211.50 1 0
github.com/openchami/boot-service/cmd/client/main.go:211.50,214.73 2 0
github.com/openchami/boot-service/cmd/client/main.go:214.73,216.4 1 0
github.com/openchami/boot-service/cmd/client/main.go:216.9,218.4 1 0
github.com/openchami/boot-service/cmd/client/main.go:219.8,221.3 1 0
github.com/openchami/boot-service/cmd/client/main.go:234.54,236.17 2 0
github.com/openchami/boot-service/cmd/client/main.go:236.17,238.4 1 0
github.com/openchami/boot-service/cmd/client/main.go:240.3,244.17 4 0
github.com/openchami/boot-service/cmd/client/main.go:244.17,246.4 1 0
github.com/openchami/boot-service/cmd/client/main.go:248.3,248.28 1 0
github.com/openchami/boot-service/cmd/client/main.go:256.54,258.17 2 0
github.com/openchami/boot-service/cmd/client/main.go:258.17,260.4 1 0
github.com/openchami/boot-service/cmd/client/main.go:262.3,266.17 4 0
github.com/openchami/boot-service/cmd/client/main.go:266.17,268.4 1 0
github.com/openchami/boot-service/cmd/client/main.go:270.3,270.27 1 0
github.com/openchami/boot-service/cmd/client/main.go:291.54,293.17 2 0
github.com/openchami/boot-service/cmd/client/main.go:293.17,295.4 1 0
github.com/openchami/boot-service/cmd/client/main.go:298.3,301.20 3 0
github.com/openchami/boot-service/cmd/client/main.go:301.20,304.47 2 0
github.com/openchami/boot-service/cmd/client/main.go:304.47,306.5 1 0
github.com/openchami/boot-service/cmd/client/main.go:307.9,309.64 1 0
github.com/openchami/boot-service/cmd/client/main.go:309.64,311.5 1 0
github.com/openchami/boot-service/cmd/client/main.go:314.3,318.17 4 0
github.com/openchami/boot-service/cmd/client/main.go:318.17,320.4 1 0
github.com/openchami/boot-service/cmd/client/main.go:322.3,322.27 1 0
github.com/openchami/boot-service/cmd/client/main.go:344.54,346.17 2 0
github.com/openchami/boot-service/cmd/client/main.go:346.17,348.4 1 0
github.com/openchami/boot-service/cmd/client/main.go:351.3,354.20 3 0
github.com/openchami/boot-service/cmd/client/main.go:354.20,357.47 2 0
github.com/openchami/boot-service/cmd/client/main.go:357.47,359.5 1 0
github.com/openchami/boot-service/cmd/client/main.go:360.9,362.64 1 0
github.com/openchami/boot-service/cmd/client/main.go:362.64,364.5 1 0
github.com/openchami/boot-service/cmd/client/main.go:367.3,371.17 4 0
github.com/openchami/boot-service/cmd/client/main.go:371.17,373.4 1 0
github.com/openchami/boot-service/cmd/client/main.go:375.3,375.27 1 0
github.com/openchami/boot-service/cmd/client/main.go:418.54,420.17 2 0
github.com/openchami/boot-service/cmd/client/main.go:420.17,422.4 1 0
github.com/openchami/boot-service/cmd/client/main.go:424.3,438.22 10 0
github.com/openchami/boot-service/cmd/client/main.go:438.22,442.4 2 0
github.com/openchami/boot-service/cmd/client/main.go:442.9,442.100 1 0
github.com/openchami/boot-service/cmd/client/main.go:442.100,447.37 2 0
github.com/openchami/boot-service/cmd/client/main.go:447.37,449.24 2 0
github.com/openchami/boot-service/cmd/client/main.go:449.24,451.6 1 0
github.com/openchami/boot-service/cmd/client/main.go:452.5,452.46 1 0
github.com/openchami/boot-service/cmd/client/main.go:456.4,456.38 1 0
github.com/openchami/boot-service/cmd/client/main.go:456.38,458.5 1 0
github.com/openchami/boot-service/cmd/client/main.go:461.4,461.37 1 0
github.com/openchami/boot-service/cmd/client/main.go:461.37,463.24 2 0
github.com/openchami/boot-service/cmd/client/main.go:463.24,465.6 1 0
github.com/openchami/boot-service/cmd/client/main.go:468.5,468.46 1 0
github.com/openchami/boot-service/cmd/client/main.go:472.4,472.43 1 0
github.com/openchami/boot-service/cmd/client/main.go:472.43,474.24 2 0
github.com/openchami/boot-service/cmd/client/main.go:474.24,476.6 1 0
github.com/openchami/boot-service/cmd/client/main.go:479.5,479.73 1 0
github.com/openchami/boot-service/cmd/client/main.go:482.4,483.18 2 0
github.com/openchami/boot-service/cmd/client/main.go:483.18,485.5 1 0
github.com/openchami/boot-service/cmd/client/main.go:486.4,487.48 2 0
github.com/openchami/boot-service/cmd/client/main.go:488.9,488.29 1 0
github.com/openchami/boot-service/cmd/client/main.go:488.29,492.4 2 0
github.com/openchami/boot-service/cmd/client/main.go:492.9,496.49 3 0
github.com/openchami/boot-service/cmd/client/main.go:496.49,498.5 1 0
github.com/openchami/boot-service/cmd/client/main.go:499.4,500.18 2 0
github.com/openchami/boot-service/cmd/client/main.go:500.18,502.5 1 0
github.com/openchami/boot-service/cmd/client/main.go:503.4,504.48 2 0
github.com/openchami/boot-service/cmd/client/main.go:507.3,511.17 4 0
github.com/openchami/boot-service/cmd/client/main.go:511.17,513.4 1 0
github.com/openchami/boot-service/cmd/client/main.go:515.3,515.27 1 0
github.com/openchami/boot-service/cmd/client/main.go:523.54,525.17 2 0
github.com/openchami/boot-service/cmd/client/main.go:525.17,527.4 1 0
github.com/openchami/boot-service/cmd/client/main.go:529.3,532.51 3 0
github.com/openchami/boot-service/cmd/client/main.go:532.51,534.4 1 0
github.com/openchami/boot-service/cmd/client/main.go:536.3,537.13 2 0
github.com/openchami/boot-service/cmd/client/main.go:541.13,560.2 14 0
github.com/openchami/boot-service/cmd/client/main.go:572.54,574.17 2 0
github.com/openchami/boot-service/cmd/client/main.go:574.17,576.4 1 0
github.com/openchami/boot-service/cmd/client/main.go:578.3,582.17 4 0
github.com/openchami/boot-service/cmd/client/main.go:582.17,584.4 1 0
github.com/openchami/boot-service/cmd/client/main.go:586.3,586.28 1 0
github.com/openchami/boot-service/cmd/client/main.go:594.54,596.17 2 0
github.com/openchami/boot-service/cmd/client/main.go:596.17,598.4 1 0
github.com/openchami/boot-service/cmd/client/main.go:600.3,604.17 4 0
github.com/openchami/boot-service/cmd/client/main.go:604.17,606.4 1 0
github.com/openchami/boot-service/cmd/client/main.go:608.3,608.27 1 0
github.com/openchami/boot-service/cmd/client/main.go:634.54,636.17 2 0
github.com/openchami/boot-service/cmd/client/main.go:636.17,638.4 1 0
github.com/openchami/boot-service/cmd/client/main.go:641.3,644.20 3 0
github.com/openchami/boot-service/cmd/client/main.go:644.20,647.47 2 0
github.com/openchami/boot-service/cmd/client/main.go:647.47,649.5 1 0
github.com/openchami/boot-service/cmd/client/main.go:650.9,652.64 1 0
github.com/openchami/boot-service/cmd/client/main.go:652.64,654.5 1 0
github.com/openchami/boot-service/cmd/client/main.go:657.3,661.17 4 0
github.com/openchami/boot-service/cmd/client/main.go:661.17,663.4 1 0
github.com/openchami/boot-service/cmd/client/main.go:665.3,665.27 1 0
github.com/openchami/boot-service/cmd/client/main.go:692.54,694.17 2 0
github.com/openchami/boot-service/cmd/client/main.go:694.17,696.4 1 0
github.com/openchami/boot-service/cmd/client/main.go:699.3,702.20 3 0
github.com/openchami/boot-service/cmd/client/main.go:702.20,705.47 2 0
github.com/openchami/boot-service/cmd/client/main.go:705.47,707.5 1 0
github.com/openchami/boot-service/cmd/client/main.go:708.9,710.64 1 0
github.com/openchami/boot-service/cmd/client/main.go:710.64,712.5 1 0
github.com/openchami/boot-service/cmd/client/main.go:715.3,719.17 4 0
github.com/openchami/boot-service/cmd/client/main.go:719.17,721.4 1 0
github.com/openchami/boot-service/cmd/client/main.go:723.3,723.27 1 0
github.com/openchami/boot-service/cmd/client/main.go:766.54,768.17 2 0
github.com/openchami/boot-service/cmd/client/main.go:768.17,770.4 1 0
github.com/openchami/boot-service/cmd/client/main.go:772.3,786.22 10 0
github.com/openchami/boot-service/cmd/client/main.go:786.22,790.4 2 0
github.com/openchami/boot-service/cmd/client/main.go:790.9,790.100 1 0
github.com/openchami/boot-service/cmd/client/main.go:790.100,795.37 2 0
github.com/openchami/boot-service/cmd/client/main.go:795.37,797.24 2 0
github.com/openchami/boot-service/cmd/client/main.go:797.24,799.6 1 0
github.com/openchami/boot-service/cmd/client/main.go:800.5,800.46 1 0
github.com/openchami/boot-service/cmd/client/main.go:804.4,804.38 1 0
github.com/openchami/boot-service/cmd/client/main.go:804.38,806.5 1 0
github.com/openchami/boot-service/cmd/client/main.go:809.4,809.37 1 0
github.com/openchami/boot-service/cmd/client/main.go:809.37,811.24 2 0
github.com/openchami/boot-service/cmd/client/main.go:811.24,813.6 1 0
github.com/openchami/boot-service/cmd/client/main.go:816.5,816.46 1 0
github.com/openchami/boot-service/cmd/client/main.go:820.4,820.43 1 0
github.com/openchami/boot-service/cmd/client/main.go:820.43,822.24 2 0
github.com/openchami/boot-service/cmd/client/main.go:822.24,824.6 1 0
github.com/openchami/boot-service/cmd/client/main.go:827.5,827.73 1 0
github.com/openchami/boot-service/cmd/client/main.go:830.4,831.18 2 0
github.com/openchami/boot-service/cmd/client/main.go:831.18,833.5 1 0
github.com/openchami/boot-service/cmd/client/main.go:834.4,835.48 2 0
github.com/openchami/boot-service/cmd/client/main.go:836.9,836.29 1 0
github.com/openchami/boot-service/cmd/client/main.go:836.29,840.4 2 0
github.com/openchami/boot-service/cmd/client/main.go:840.9,844.49 3 0
github.com/openchami/boot-service/cmd/client/main.go:844.49,846.5 1 0
github.com/openchami/boot-service/cmd/client/main.go:847.4,848.18 2 0
github.com/openchami/boot-service/cmd/client/main.go:848.18,850.5 1 0
github.com/openchami/boot-service/cmd/client/main.go:851.4,852.48 2 0
github.com/openchami/boot-service/cmd/client/main.go:855.3,859.17 4 0
github.com/openchami/boot-service/cmd/client/main.go:859.17,861.4 1 0
github.com/openchami/boot-service/cmd/client/main.go:863.3,863.27 1 0
github.com/openchami/boot-service/cmd/client/main.go:871.54,873.17 2 0
github.com/openchami/boot-service/cmd/client/main.go:873.17,875.4 1 0
github.com/openchami/boot-service/cmd/client/main.go:877.3,880.65 3 0
github.com/openchami/boot-service/cmd/client/main.go:880.65,882.4 1 0
github.com/openchami/boot-service/cmd/client/main.go:884.3,885.13 2 0
github.com/openchami/boot-service/cmd/client/main.go:889.13,908.2 14 0
github.com/openchami/boot-service/cmd/client/main.go:920.54,922.17 2 0
github.com/openchami/boot-service/cmd/client/main.go:922.17,924.4 1 0
github.com/openchami/boot-service/cmd/client/main.go:926.3,930.17 4 0
github.com/openchami/boot-service/cmd/client/main.go:930.17,932.4 1 0
github.com/openchami/boot-service/cmd/client/main.go:934.3,934.28 1 0
github.com/openchami/boot-service/cmd/client/main.go:942.54,944.17 2 0
github.com/openchami/boot-service/cmd/client/main.go:944.17,946.4 1 0
github.com/openchami/boot-service/cmd/client/main.go:948.3,952.17 4 0
github.com/openchami/boot-service/cmd/client/main.go:952.17,954.4 1 0
github.com/openchami/boot-service/cmd/client/main.go:956.3,956.27 1 0
github.com/openchami/boot-service/cmd/client/main.go:982.54,984.17 2 0
github.com/openchami/boot-service/cmd/client/main.go:984.17,986.4 1 0
github.com/openchami/boot-service/cmd/client/main.go:989.3,992.20 3 0
github.com/openchami/boot-service/cmd/client/main.go:992.20,995.47 2 0
github.com/openchami/boot-service/cmd/client/main.go:995.47,997.5 1 0
github.com/openchami/boot-service/cmd/client/main.go:998.9,1000.64 1 0
github.com/openchami/boot-service/cmd/client/main.go:1000.64,1002.5 1 0
github.com/openchami/boot-service/cmd/client/main.go:1005.3,1009.17 4 0
github.com/openchami/boot-service/cmd/client/main.go:1009.17,1011.4 1 0
github.com/openchami/boot-service/cmd/client/main.go:1013.3,1013.27 1 0
github.com/openchami/boot-service/cmd/client/main.go:1040.54,1042.17 2 0
github.com/openchami/boot-service/cmd/client/main.go:1042.17,1044.4 1 0
github.com/openchami/boot-service/cmd/client/main.go:1047.3,1050.20 3 0
github.com/openchami/boot-service/cmd/client/main.go:1050.20,1053.47 2 0
github.com/openchami/boot-service/cmd/client/main.go:1053.47,1055.5 1 0
github.com/openchami/boot-service/cmd/client/main.go:1056.9,1058.64 1 0
github.com/openchami/boot-service/cmd/client/main.go:1058.64,1060.5 1 0
github.com/openchami/boot-service/cmd/client/main.go:1063.3,1067.17 4 0
github.com/openchami/boot-service/cmd/client/main.go:1067.17,1069.4 1 0
github.com/openchami/boot-service/cmd/client/main.go:1071.3,1071.27 1 0
github.com/openchami/boot-service/cmd/client/main.go:1114.54,1116.17 2 0
github.com/openchami/boot-service/cmd/client/main.go:1116.17,1118.4 1 0
github.com/openchami/boot-service/cmd/client/main.go:1120.3,1134.22 10 0
github.com/openchami/boot-service/cmd/client/main.go:1134.22,1138.4 2 0
github.com/openchami/boot-service/cmd/client/main.go:1138.9,1138.100 1 0
github.com/openchami/boot-service/cmd/client/main.go:1138.100,1143.37 2 0
github.com/openchami/boot-service/cmd/client/main.go:1143.37,1145.24 2 0
github.com/openchami/boot-service/cmd/client/main.go:1145.24,1147.6 1 0
github.com/openchami/boot-service/cmd/client/main.go:1148.5,1148.46 1 0
github.com/openchami/boot-service/cmd/client/main.go:1152.4,1152.38 1 0
github.com/openchami/boot-service/cmd/client/main.go:1152.38,1154.5 1 0
github.com/openchami/boot-service/cmd/client/main.go:1157.4,1157.37 1 0
github.com/openchami/boot-service/cmd/client/main.go:1157.37,1159.24 2 0
github.com/openchami/boot-service/cmd/client/main.go:1159.24,1161.6 1 0
github.com/openchami/boot-service/cmd/client/main.go:1164.5,1164.46 1 0
github.com/openchami/boot-service/cmd/client/main.go:1168.4,1168.43 1 0
github.com/openchami/boot-service/cmd/client/main.go:1168.43,1170.24 2 0
github.com/openchami/boot-service/cmd/client/main.go:1170.24,1172.6 1 0
github.com/openchami/boot-service/cmd/client/main.go:1175.5,1175.73 1 0
github.com/openchami/boot-service/cmd/client/main.go:1178.4,1179.18 2 0
github.com/openchami/boot-service/cmd/client/main.go:1179.18,1181.5 1 0
github.com/openchami/boot-service/cmd/client/main.go:1182.4,1183.48 2 0
github.com/openchami/boot-service/cmd/client/main.go:1184.9,1184.29 1 0
github.com/openchami/boot-service/cmd/client/main.go:1184.29,1188.4 2 0
github.com/openchami/boot-service/cmd/client/main.go:1188.9,1192.49 3 0
github.com/openchami/boot-service/cmd/client/main.go:1192.49,1194.5 1 0
github.com/openchami/boot-service/cmd/client/main.go:1195.4,1196.18 2 0
github.com/openchami/boot-service/cmd/client/main.go:1196.18,1198.5 1 0
github.com/openchami/boot-service/cmd/client/main.go:1199.4,1200.48 2 0
github.com/openchami/boot-service/cmd/client/main.go:1203.3,1207.17 4 0
github.com/openchami/boot-service/cmd/client/main.go:1207.17,1209.4 1 0
github.com/openchami/boot-service/cmd/client/main.go:1211.3,1211.27 1 0
github.com/openchami/boot-service/cmd/client/main.go:1219.54,1221.17 2 0
github.com/openchami/boot-service/cmd/client/main.go:1221.17,1223.4 1 0
github.com/openchami/boot-service/cmd/client/main.go:1225.3,1228.52 3 0
github.com/openchami/boot-service/cmd/client/main.go:1228.52,1230.4 1 0
github.com/openchami/boot-service/cmd/client/main.go:1232.3,1233.13 2 0
github.com/openchami/boot-service/cmd/client/main.go:1237.13,1256.2 14 0
github.com/openchami/boot-service/internal/middleware/conditional_middleware_generated.go:32.60,33.71 1 0
github.com/openchami/boot-service/internal/middleware/conditional_middleware_generated.go:33.71,38.3 2 0
github.com/openchami/boot-service/internal/middleware/conditional_middleware_generated.go:42.53,45.16 2 0
github.com/openchami/boot-service/internal/middleware/conditional_middleware_generated.go:45.16,47.3 1 0
github.com/openchami/boot-service/internal/middleware/conditional_middleware_generated.go:49.2,50.23 2 0
github.com/openchami/boot-service/internal/middleware/conditional_middleware_generated.go:51.16,53.34 2 0
github.com/openchami/boot-service/internal/middleware/conditional_middleware_generated.go:54.13,56.34 2 0
github.com/openchami/boot-service/internal/middleware/conditional_middleware_generated.go:57.10,58.69 1 0
github.com/openchami/boot-service/internal/middleware/conditional_middleware_generated.go:62.2,62.46 1 0
github.com/openchami/boot-service/internal/middleware/conditional_middleware_generated.go:70.84,72.19 2 0
github.com/openchami/boot-service/internal/middleware/conditional_middleware_generated.go:72.19,75.3 1 0
github.com/openchami/boot-service/internal/middleware/conditional_middleware_generated.go:78.2,79.27 2 0
github.com/openchami/boot-service/internal/middleware/conditional_middleware_generated.go:79.27,81.39 2 0
github.com/openchami/boot-service/internal/middleware/conditional_middleware_generated.go:81.39,83.4 1 0
github.com/openchami/boot-service/internal/middleware/conditional_middleware_generated.go:87.2,95.14 4 0
github.com/openchami/boot-service/internal/middleware/conditional_middleware_generated.go:103.88,105.23 2 0
github.com/openchami/boot-service/internal/middleware/conditional_middleware_generated.go:105.23,108.3 1 0
github.com/openchami/boot-service/internal/middleware/conditional_middleware_generated.go:111.2,112.27 2 0
github.com/openchami/boot-service/internal/middleware/conditional_middleware_generated.go:112.27,114.39 2 0
github.com/openchami/boot-service/internal/middleware/conditional_middleware_generated.go:114.39,118.4 2 0
github.com/openchami/boot-service/internal/middleware/conditional_middleware_generated.go:122.2,122.13 1 0
github.com/openchami/boot-service/internal/middleware/conditional_middleware_generated.go:126.50,128.2 1 0
github.com/openchami/boot-service/internal/middleware/conditional_middleware_generated.go:131.63,133.2 1 0
github.com/openchami/boot-service/internal/middleware/validation_middleware_generated.go:28.59,29.71 1 0
github.com/openchami/boot-service/internal/middleware/validation_middleware_generated.go:29.71,31.35 1 0
github.com/openchami/boot-service/internal/middleware/validation_middleware_generated.go:31.35,34.4 2 0
github.com/openchami/boot-service/internal/middleware/validation_middleware_generated.go:37.3,39.33 1 0
github.com/openchami/boot-service/internal/middleware/validation_middleware_generated.go:39.33,42.4 2 0
github.com/openchami/boot-service/internal/middleware/validation_middleware_generated.go:46.3,46.23 1 0
github.com/openchami/boot-service/internal/middleware/validation_middleware_generated.go:61.92,62.62 1 0
github.com/openchami/boot-service/internal/middleware/validation_middleware_generated.go:62.62,63.33 1 0
github.com/openchami/boot-service/internal/middleware/validation_middleware_generated.go:63.33,72.4 4 0
github.com/openchami/boot-service/internal/middleware/validation_middleware_generated.go:72.9,72.38 1 0
github.com/openchami/boot-service/internal/middleware/validation_middleware_generated.go:72.38,76.4 2 0
github.com/openchami/boot-service/internal/middleware/validation_middleware_generated.go:79.2,79.13 1 0
github.com/openchami/boot-service/internal/middleware/validation_middleware_generated.go:89.58,97.2 1 0
github.com/openchami/boot-service/internal/middleware/versioning_middleware_generated.go:40.59,41.71 1 0
github.com/openchami/boot-service/internal/middleware/versioning_middleware_generated.go:41.71,45.26 3 0
github.com/openchami/boot-service/internal/middleware/versioning_middleware_generated.go:46.17,47.46 1 0
github.com/openchami/boot-service/internal/middleware/versioning_middleware_generated.go:48.14,49.43 1 0
github.com/openchami/boot-service/internal/middleware/versioning_middleware_generated.go:50.15,53.34 2 0
github.com/openchami/boot-service/internal/middleware/versioning_middleware_generated.go:53.34,55.5 1 0
github.com/openchami/boot-service/internal/middleware/versioning_middleware_generated.go:56.11,57.28 1 0
github.com/openchami/boot-service/internal/middleware/versioning_middleware_generated.go:60.3,60.17 1 0
github.com/openchami/boot-service/internal/middleware/versioning_middleware_generated.go:60.17,69.4 4 0
github.com/openchami/boot-service/internal/middleware/versioning_middleware_generated.go:72.3,72.19 1 0
github.com/openchami/boot-service/internal/middleware/versioning_middleware_generated.go:72.19,74.4 1 0
github.com/openchami/boot-service/internal/middleware/versioning_middleware_generated.go:77.3,77.35 1 0
github.com/openchami/boot-service/internal/middleware/versioning_middleware_generated.go:77.35,86.4 4 0
github.com/openchami/boot-service/internal/middleware/versioning_middleware_generated.go:92.3,94.23 2 0
github.com/openchami/boot-service/internal/middleware/versioning_middleware_generated.go:100.61,102.18 2 0
github.com/openchami/boot-service/internal/middleware/versioning_middleware_generated.go:102.18,104.3 1 0
github.com/openchami/boot-service/internal/middleware/versioning_middleware_generated.go:108.2,111.22 3 0
github.com/openchami/boot-service/internal/middleware/versioning_middleware_generated.go:111.22,113.51 1 0
github.com/openchami/boot-service/internal/middleware/versioning_middleware_generated.go:113.51,115.4 1 0
github.com/openchami/boot-service/internal/middleware/versioning_middleware_generated.go:116.3,116.67 1 0
github.com/openchami/boot-service/internal/middleware/versioning_middleware_generated.go:119.2,120.16 2 0
github.com/openchami/boot-service/internal/middleware/versioning_middleware_generated.go:120.16,122.3 1 0
github.com/openchami/boot-service/internal/middleware/versioning_middleware_generated.go:124.2,124.21 1 0
github.com/openchami/boot-service/internal/middleware/versioning_middleware_generated.go:129.58,136.22 4 0
github.com/openchami/boot-service/internal/middleware/versioning_middleware_generated.go:136.22,138.3 1 0
github.com/openchami/boot-service/internal/middleware/versioning_middleware_generated.go:140.2,141.16 2 0
github.com/openchami/boot-service/internal/middleware/versioning_middleware_generated.go:141.16,143.3 1 0
github.com/openchami/boot-service/internal/middleware/versioning_middleware_generated.go:145.2,145.21 1 0
github.com/openchami/boot-service/internal/middleware/versioning_middleware_generated.go:149.43,150.38 1 0
github.com/openchami/boot-service/internal/middleware/versioning_middleware_generated.go:150.38,151.19 1 0
github.com/openchami/boot-service/internal/middleware/versioning_middleware_generated.go:151.19,153.4 1 0
github.com/openchami/boot-service/internal/middleware/versioning_middleware_generated.go:155.2,155.14 1 0
github.com/openchami/boot-service/internal/middleware/versioning_middleware_generated.go:159.52,161.23 2 0
github.com/openchami/boot-service/internal/middleware/versioning_middleware_generated.go:161.23,163.3 1 0
github.com/openchami/boot-service/internal/middleware/versioning_middleware_generated.go:164.2,164.13 1 0
github.com/openchami/boot-service/internal/middleware/versioning_middleware_generated.go:168.86,170.22 2 0
github.com/openchami/boot-service/internal/middleware/versioning_middleware_generated.go:170.22,172.3 1 0
github.com/openchami/boot-service/internal/middleware/versioning_middleware_generated.go:173.2,173.64 1 0
github.com/openchami/boot-service/internal/storage/storage_generated.go:45.50,47.2 1 0
github.com/openchami/boot-service/internal/storage/storage_generated.go:51.44,53.16 2 0
github.com/openchami/boot-service/internal/storage/storage_generated.go:53.16,55.3 1 0
github.com/openchami/boot-service/internal/storage/storage_generated.go:56.2,57.12 2 0
github.com/openchami/boot-service/internal/storage/storage_generated.go:62.22,63.20 1 0
github.com/openchami/boot-service/internal/storage/storage_generated.go:63.20,64.104 1 0
github.com/openchami/boot-service/internal/storage/storage_generated.go:78.59,82.16 3 0
github.com/openchami/boot-service/internal/storage/storage_generated.go:82.16,84.3 1 0
github.com/openchami/boot-service/internal/storage/storage_generated.go:86.2,87.30 2 0
github.com/openchami/boot-service/internal/storage/storage_generated.go:87.30,89.50 2 0
github.com/openchami/boot-service/internal/storage/storage_generated.go:89.50,91.4 1 0
github.com/openchami/boot-service/internal/storage/storage_generated.go:92.3,92.27 1 0
github.com/openchami/boot-service/internal/storage/storage_generated.go:95.2,95.18 1 0
github.com/openchami/boot-service/internal/storage/storage_generated.go:107.65,111.16 3 0
github.com/openchami/boot-service/internal/storage/storage_generated.go:111.16,113.3 1 0
github.com/openchami/boot-service/internal/storage/storage_generated.go:115.2,116.53 2 0
github.com/openchami/boot-service/internal/storage/storage_generated.go:116.53,118.3 1 0
github.com/openchami/boot-service/internal/storage/storage_generated.go:120.2,120.17 1 0
github.com/openchami/boot-service/internal/storage/storage_generated.go:131.55,135.16 3 0
github.com/openchami/boot-service/internal/storage/storage_generated.go:135.16,137.3 1 0
github.com/openchami/boot-service/internal/storage/storage_generated.go:139.2,139.73 1 0
github.com/openchami/boot-service/internal/storage/storage_generated.go:139.73,141.3 1 0
github.com/openchami/boot-service/internal/storage/storage_generated.go:143.2,143.12 1 0
github.com/openchami/boot-service/internal/storage/storage_generated.go:154.57,159.16 3 0
github.com/openchami/boot-service/internal/storage/storage_generated.go:159.16,161.3 1 0
github.com/openchami/boot-service/internal/storage/storage_generated.go:162.2,162.13 1 0
github.com/openchami/boot-service/internal/storage/storage_generated.go:162.13,164.3 1 0
github.com/openchami/boot-service/internal/storage/storage_generated.go:166.2,167.16 2 0
github.com/openchami/boot-service/internal/storage/storage_generated.go:167.16,169.3 1 0
github.com/openchami/boot-service/internal/storage/storage_generated.go:171.2,171.73 1 0
github.com/openchami/boot-service/internal/storage/storage_generated.go:171.73,173.3 1 0
github.com/openchami/boot-service/internal/storage/storage_generated.go:175.2,175.12 1 0
github.com/openchami/boot-service/internal/storage/storage_generated.go:186.55,189.56 2 0
github.com/openchami/boot-service/internal/storage/storage_generated.go:189.56,191.3 1 0
github.com/openchami/boot-service/internal/storage/storage_generated.go:193.2,193.12 1 0
github.com/openchami/boot-service/internal/storage/storage_generated.go:205.63,209.16 3 0
github.com/openchami/boot-service/internal/storage/storage_generated.go:209.16,211.3 1 0
github.com/openchami/boot-service/internal/storage/storage_generated.go:213.2,213.20 1 0
github.com/openchami/boot-service/internal/storage/storage_generated.go:224.57,228.16 3 0
github.com/openchami/boot-service/internal/storage/storage_generated.go:228.16,230.3 1 0
github.com/openchami/boot-service/internal/storage/storage_generated.go:232.2,232.18 1 0
github.com/openchami/boot-service/internal/storage/storage_generated.go:245.101,249.16 3 0
github.com/openchami/boot-service/internal/storage/storage_generated.go:249.16,251.3 1 0
github.com/openchami/boot-service/internal/storage/storage_generated.go:253.2,254.30 2 0
github.com/openchami/boot-service/internal/storage/storage_generated.go:254.30,256.64 2 0
github.com/openchami/boot-service/internal/storage/storage_generated.go:256.64,258.4 1 0
github.com/openchami/boot-service/internal/storage/storage_generated.go:259.3,259.69 1 0
github.com/openchami/boot-service/internal/storage/storage_generated.go:262.2,262.32 1 0
github.com/openchami/boot-service/internal/storage/storage_generated.go:274.107,278.16 3 0
github.com/openchami/boot-service/internal/storage/storage_generated.go:278.16,280.3 1 0
github.com/openchami/boot-service/internal/storage/storage_generated.go:282.2,283.67 2 0
github.com/openchami/boot-service/internal/storage/storage_generated.go:283.67,285.3 1 0
github.com/openchami/boot-service/internal/storage/storage_generated.go:287.2,287.31 1 0
github.com/openchami/boot-service/internal/storage/storage_generated.go:298.111,302.16 3 0
github.com/openchami/boot-service/internal/storage/storage_generated.go:302.16,304.3 1 0
github.com/openchami/boot-service/internal/storage/storage_generated.go:306.2,306.101 1 0
github.com/openchami/boot-service/internal/storage/storage_generated.go:306.101,308.3 1 0
github.com/openchami/boot-service/internal/storage/storage_generated.go:310.2,310.12 1 0
github.com/openchami/boot-service/internal/storage/storage_generated.go:321.113,326.16 3 0
github.com/openchami/boot-service/internal/storage/storage_generated.go:326.16,328.3 1 0
github.com/openchami/boot-service/internal/storage/storage_generated.go:329.2,329.13 1 0
github.com/openchami/boot-service/internal/storage/storage_generated.go:329.13,331.3 1 0
github.com/openchami/boot-service/internal/storage/storage_generated.go:333.2,334.16 2 0
github.com/openchami/boot-service/internal/storage/storage_generated.go:334.16,336.3 1 0
github.com/openchami/boot-service/internal/storage/storage_generated.go:338.2,338.101 1 0
github.com/openchami/boot-service/internal/storage/storage_generated.go:338.101,340.3 1 0
github.com/openchami/boot-service/internal/storage/storage_generated.go:342.2,342.12 1 0
github.com/openchami/boot-service/internal/storage/storage_generated.go:353.69,356.70 2 0
github.com/openchami/boot-service/internal/storage/storage_generated.go:356.70,358.3 1 0
github.com/openchami/boot-service/internal/storage/storage_generated.go:360.2,360.12 1 0
github.com/openchami/boot-service/internal/storage/storage_generated.go:372.77,376.16 3 0
github.com/openchami/boot-service/internal/storage/storage_generated.go:376.16,378.3 1 0
github.com/openchami/boot-service/internal/storage/storage_generated.go:380.2,380.20 1 0
github.com/openchami/boot-service/internal/storage/storage_generated.go:391.71,395.16 3 0
github.com/openchami/boot-service/internal/storage/storage_generated.go:395.16,397.3 1 0
github.com/openchami/boot-service/internal/storage/storage_generated.go:399.2,399.18 1 0
github.com/openchami/boot-service/internal/storage/storage_generated.go:412.62,416.16 3 0
github.com/openchami/boot-service/internal/storage/storage_generated.go:416.16,418.3 1 0
github.com/openchami/boot-service/internal/storage/storage_generated.go:420.2,421.30 2 0
github.com/openchami/boot-service/internal/storage/storage_generated.go:421.30,423.51 2 0
github.com/openchami/boot-service/internal/storage/storage_generated.go:423.51,425.4 1 0
github.com/openchami/boot-service/internal/storage/storage_generated.go:426.3,426.30 1 0
github.com/openchami/boot-service/internal/storage/storage_generated.go:429.2,429.19 1 0
github.com/openchami/boot-service/internal/storage/storage_generated.go:441.68,445.16 3 0
github.com/openchami/boot-service/internal/storage/storage_generated.go:445.16,447.3 1 0
github.com/openchami/boot-service/internal/storage/storage_generated.go:449.2,450.54 2 0
github.com/openchami/boot-service/internal/storage/storage_generated.go:450.54,452.3 1 0
github.com/openchami/boot-service/internal/storage/storage_generated.go:454.2,454.18 1 0
github.com/openchami/boot-service/internal/storage/storage_generated.go:465.59,469.16 3 0
github.com/openchami/boot-service/internal/storage/storage_generated.go:469.16,471.3 1 0
github.com/openchami/boot-service/internal/storage/storage_generated.go:473.2,473.75 1 0
github.com/openchami/boot-service/internal/storage/storage_generated.go:473.75,475.3 1 0
github.com/openchami/boot-service/internal/storage/storage_generated.go:477.2,477.12 1 0
github.com/openchami/boot-service/internal/storage/storage_generated.go:488.61,493.16 3 0
github.com/openchami/boot-service/internal/storage/storage_generated.go:493.16,495.3 1 0
github.com/openchami/boot-service/internal/storage/storage_generated.go:496.2,496.13 1 0
github.com/openchami/boot-service/internal/storage/storage_generated.go:496.13,498.3 1 0
github.com/openchami/boot-service/internal/storage/storage_generated.go:500.2,501.16 2 0
github.com/openchami/boot-service/internal/storage/storage_generated.go:501.16,503.3 1 0
github.com/openchami/boot-service/internal/storage/storage_generated.go:505.2,505.75 1 0
github.com/openchami/boot-service/internal/storage/storage_generated.go:505.75,507.3 1 0
github.com/openchami/boot-service/internal/storage/storage_generated.go:509.2,509.12 1 0
github.com/openchami/boot-service/internal/storage/storage_generated.go:520.56,523.57 2 0
github.com/openchami/boot-service/internal/storage/storage_generated.go:523.57,525.3 1 0
github.com/openchami/boot-service/internal/storage/storage_generated.go:527.2,527.12 1 0
github.com/openchami/boot-service/internal/storage/storage_generated.go:539.64,543.16 3 0
github.com/openchami/boot-service/internal/storage/storage_generated.go:543.16,545.3 1 0
github.com/openchami/boot-service/internal/storage/storage_generated.go:547.2,547.20 1 0
github.com/openchami/boot-service/internal/storage/storage_generated.go:558.58,562.16 3 0
github.com/openchami/boot-service/internal/storage/storage_generated.go:562.16,564.3 1 0
github.com/openchami/boot-service/internal/storage/storage_generated.go:566.2,566.18 1 0
github.com/openchami/boot-service/internal/storage/storage_generated.go:587.40,590.2 2 0
github.com/openchami/boot-service/internal/storage/storage_generated.go:602.89,604.16 2 0
github.com/openchami/boot-service/internal/storage/storage_generated.go:604.16,606.3 1 0
github.com/openchami/boot-service/internal/storage/storage_generated.go:609.2,609.14 1 0
github.com/openchami/boot-service/internal/storage/storage_generated.go:610.13,612.60 2 0
github.com/openchami/boot-service/internal/storage/storage_generated.go:612.60,614.4 1 0
github.com/openchami/boot-service/internal/storage/storage_generated.go:615.3,615.24 1 0
github.com/openchami/boot-service/internal/storage/storage_generated.go:616.27,618.60 2 0
github.com/openchami/boot-service/internal/storage/storage_generated.go:618.60,620.4 1 0
github.com/openchami/boot-service/internal/storage/storage_generated.go:621.3,621.24 1 0
github.com/openchami/boot-service/internal/storage/storage_generated.go:622.14,624.60 2 0
github.com/openchami/boot-service/internal/storage/storage_generated.go:624.60,626.4 1 0
github.com/openchami/boot-service/internal/storage/storage_generated.go:627.3,627.24 1 0
github.com/openchami/boot-service/internal/storage/storage_generated.go:628.10,629.60 1 0
github.com/openchami/boot-service/internal/storage/storage_generated.go:642.87,644.16 2 0
github.com/openchami/boot-service/internal/storage/storage_generated.go:644.16,646.3 1 0
github.com/openchami/boot-service/internal/storage/storage_generated.go:649.2,649.14 1 0
github.com/openchami/boot-service/internal/storage/storage_generated.go:650.13,652.31 2 0
github.com/openchami/boot-service/internal/storage/storage_generated.go:652.31,654.57 2 0
github.com/openchami/boot-service/internal/storage/storage_generated.go:654.57,656.5 1 0
github.com/openchami/boot-service/internal/storage/storage_generated.go:657.4,657.38 1 0
github.com/openchami/boot-service/internal/storage/storage_generated.go:659.3,659.21 1 0
github.com/openchami/boot-service/internal/storage/storage_generated.go:660.27,662.31 2 0
github.com/openchami/boot-service/internal/storage/storage_generated.go:662.31,664.57 2 0
github.com/openchami/boot-service/internal/storage/storage_generated.go:664.57,666.5 1 0
github.com/openchami/boot-service/internal/storage/storage_generated.go:667.4,667.38 1 0
github.com/openchami/boot-service/internal/storage/storage_generated.go:669.3,669.21 1 0
github.com/openchami/boot-service/internal/storage/storage_generated.go:670.14,672.31 2 0
github.com/openchami/boot-service/internal/storage/storage_generated.go:672.31,674.57 2 0
github.com/openchami/boot-service/internal/storage/storage_generated.go:674.57,676.5 1 0
github.com/openchami/boot-service/internal/storage/storage_generated.go:677.4,677.38 1 0
github.com/openchami/boot-service/internal/storage/storage_generated.go:679.3,679.21 1 0
github.com/openchami/boot-service/internal/storage/storage_generated.go:680.10,681.60 1 0
github.com/openchami/boot-service/internal/storage/storage_generated.go:693.81,695.16 2 0
github.com/openchami/boot-service/internal/storage/storage_generated.go:695.16,697.3 1 0
github.com/openchami/boot-service/internal/storage/storage_generated.go:700.2,700.32 1 0
github.com/openchami/boot-service/internal/storage/storage_generated.go:701.16,702.60 1 0
github.com/openchami/boot-service/internal/storage/storage_generated.go:703.44,704.74 1 0
github.com/openchami/boot-service/internal/storage/storage_generated.go:705.18,706.61 1 0
github.com/openchami/boot-service/internal/storage/storage_generated.go:707.10,708.59 1 0
github.com/openchami/boot-service/internal/storage/storage_generated.go:720.81,723.2 1 0
github.com/openchami/boot-service/internal/storage/storage_generated.go:734.77,736.2 1 0
github.com/openchami/boot-service/pkg/client/client_generated.go:81.74,82.23 1 0
github.com/openchami/boot-service/pkg/client/client_generated.go:82.23,84.3 1 0
github.com/openchami/boot-service/pkg/client/client_generated.go:86.2,87.16 2 0
github.com/openchami/boot-service/pkg/client/client_generated.go:87.16,89.3 1 0
github.com/openchami/boot-service/pkg/client/client_generated.go:91.2,94.8 1 0
github.com/openchami/boot-service/pkg/client/client_generated.go:98.54,104.2 1 0
github.com/openchami/boot-service/pkg/client/client_generated.go:107.118,109.17 2 0
github.com/openchami/boot-service/pkg/client/client_generated.go:109.17,111.17 2 0
github.com/openchami/boot-service/pkg/client/client_generated.go:111.17,113.4 1 0
github.com/openchami/boot-service/pkg/client/client_generated.go:114.3,114.38 1 0
github.com/openchami/boot-service/pkg/client/client_generated.go:117.2,121.16 4 0
github.com/openchami/boot-service/pkg/client/client_generated.go:121.16,123.3 1 0
github.com/openchami/boot-service/pkg/client/client_generated.go:126.2,128.21 3 0
github.com/openchami/boot-service/pkg/client/client_generated.go:128.21,131.3 2 0
github.com/openchami/boot-service/pkg/client/client_generated.go:133.2,133.17 1 0
github.com/openchami/boot-service/pkg/client/client_generated.go:133.17,135.3 1 0
github.com/openchami/boot-service/pkg/client/client_generated.go:136.2,139.16 3 0
github.com/openchami/boot-service/pkg/client/client_generated.go:139.16,141.3 1 0
github.com/openchami/boot-service/pkg/client/client_generated.go:142.2,145.16 3 0
github.com/openchami/boot-service/pkg/client/client_generated.go:145.16,147.3 1 0
github.com/openchami/boot-service/pkg/client/client_generated.go:149.2,149.28 1 0
github.com/openchami/boot-service/pkg/client/client_generated.go:149.28,151.62 2 0
github.com/openchami/boot-service/pkg/client/client_generated.go:151.62,153.4 1 0
github.com/openchami/boot-service/pkg/client/client_generated.go:154.3,154.76 1 0
github.com/openchami/boot-service/pkg/client/client_generated.go:157.2,157.19 1 0
github.com/openchami/boot-service/pkg/client/client_generated.go:157.19,158.58 1 0
github.com/openchami/boot-service/pkg/client/client_generated.go:158.58,160.4 1 0
github.com/openchami/boot-service/pkg/client/client_generated.go:163.2,163.12 1 0
github.com/openchami/boot-service/pkg/client/client_generated.go:167.135,172.16 4 0
github.com/openchami/boot-service/pkg/client/client_generated.go:172.16,174.3 1 0
github.com/openchami/boot-service/pkg/client/client_generated.go:177.2,181.21 3 0
github.com/openchami/boot-service/pkg/client/client_generated.go:181.21,183.3 1 0
github.com/openchami/boot-service/pkg/client/client_generated.go:184.2,187.16 3 0
github.com/openchami/boot-service/pkg/client/client_generated.go:187.16,189.3 1 0
github.com/openchami/boot-service/pkg/client/client_generated.go:190.2,193.16 3 0
github.com/openchami/boot-service/pkg/client/client_generated.go:193.16,195.3 1 0
github.com/openchami/boot-service/pkg/client/client_generated.go:197.2,197.28 1 0
github.com/openchami/boot-service/pkg/client/client_generated.go:197.28,199.62 2 0
github.com/openchami/boot-service/pkg/client/client_generated.go:199.62,201.4 1 0
github.com/openchami/boot-service/pkg/client/client_generated.go:202.3,202.82 1 0
github.com/openchami/boot-service/pkg/client/client_generated.go:205.2,205.19 1 0
github.com/openchami/boot-service/pkg/client/client_generated.go:205.19,206.58 1 0
github.com/openchami/boot-service/pkg/client/client_generated.go:206.58,208.4 1 0
github.com/openchami/boot-service/pkg/client/client_generated.go:211.2,211.12 1 0
github.com/openchami/boot-service/pkg/client/client_generated.go:215.66,217.73 2 0
github.com/openchami/boot-service/pkg/client/client_generated.go:217.73,219.3 1 0
github.com/openchami/boot-service/pkg/client/client_generated.go:220.2,220.22 1 0
github.com/openchami/boot-service/pkg/client/client_generated.go:224.76,227.72 3 0
github.com/openchami/boot-service/pkg/client/client_generated.go:227.72,229.3 1 0
github.com/openchami/boot-service/pkg/client/client_generated.go:230.2,230.21 1 0
github.com/openchami/boot-service/pkg/client/client_generated.go:234.89,236.72 2 0
github.com/openchami/boot-service/pkg/client/client_generated.go:236.72,238.3 1 0
github.com/openchami/boot-service/pkg/client/client_generated.go:239.2,239.21 1 0
github.com/openchami/boot-service/pkg/client/client_generated.go:243.101,246.72 3 0
github.com/openchami/boot-service/pkg/client/client_generated.go:246.72,248.3 1 0
github.com/openchami/boot-service/pkg/client/client_generated.go:249.2,249.21 1 0
github.com/openchami/boot-service/pkg/client/client_generated.go:253.116,256.89 3 0
github.com/openchami/boot-service/pkg/client/client_generated.go:256.89,258.3 1 0
github.com/openchami/boot-service/pkg/client/client_generated.go:259.2,259.21 1 0
github.com/openchami/boot-service/pkg/client/client_generated.go:265.107,268.75 3 0
github.com/openchami/boot-service/pkg/client/client_generated.go:268.75,270.3 1 0
github.com/openchami/boot-service/pkg/client/client_generated.go:271.2,271.21 1 0
github.com/openchami/boot-service/pkg/client/client_generated.go:276.102,278.2 1 0
github.com/openchami/boot-service/pkg/client/client_generated.go:282.130,285.89 3 0
github.com/openchami/boot-service/pkg/client/client_generated.go:285.89,287.3 1 0
github.com/openchami/boot-service/pkg/client/client_generated.go:288.2,288.21 1 0
github.com/openchami/boot-service/pkg/client/client_generated.go:292.67,295.77 3 0
github.com/openchami/boot-service/pkg/client/client_generated.go:295.77,297.3 1 0
github.com/openchami/boot-service/pkg/client/client_generated.go:298.2,298.12 1 0
github.com/openchami/boot-service/pkg/client/client_generated.go:302.108,304.87 2 0
github.com/openchami/boot-service/pkg/client/client_generated.go:304.87,306.3 1 0
github.com/openchami/boot-service/pkg/client/client_generated.go:307.2,307.22 1 0
github.com/openchami/boot-service/pkg/client/client_generated.go:311.118,314.72 3 0
github.com/openchami/boot-service/pkg/client/client_generated.go:314.72,316.3 1 0
github.com/openchami/boot-service/pkg/client/client_generated.go:317.2,317.21 1 0
github.com/openchami/boot-service/pkg/client/client_generated.go:321.145,323.86 2 0
github.com/openchami/boot-service/pkg/client/client_generated.go:323.86,325.3 1 0
github.com/openchami/boot-service/pkg/client/client_generated.go:326.2,326.21 1 0
github.com/openchami/boot-service/pkg/client/client_generated.go:330.157,333.72 3 0
github.com/openchami/boot-service/pkg/client/client_generated.go:333.72,335.3 1 0
github.com/openchami/boot-service/pkg/client/client_generated.go:336.2,336.21 1 0
github.com/openchami/boot-service/pkg/client/client_generated.go:340.158,343.89 3 0
github.com/openchami/boot-service/pkg/client/client_generated.go:343.89,345.3 1 0
github.com/openchami/boot-service/pkg/client/client_generated.go:346.2,346.21 1 0
github.com/openchami/boot-service/pkg/client/client_generated.go:352.177,355.75 3 0
github.com/openchami/boot-service/pkg/client/client_generated.go:355.75,357.3 1 0
github.com/openchami/boot-service/pkg/client/client_generated.go:358.2,358.21 1 0
github.com/openchami/boot-service/pkg/client/client_generated.go:363.144,365.2 1 0
github.com/openchami/boot-service/pkg/client/client_generated.go:369.172,372.89 3 0
github.com/openchami/boot-service/pkg/client/client_generated.go:372.89,374.3 1 0
github.com/openchami/boot-service/pkg/client/client_generated.go:375.2,375.21 1 0
github.com/openchami/boot-service/pkg/client/client_generated.go:379.81,382.77 3 0
github.com/openchami/boot-service/pkg/client/client_generated.go:382.77,384.3 1 0
github.com/openchami/boot-service/pkg/client/client_generated.go:385.2,385.12 1 0
github.com/openchami/boot-service/pkg/client/client_generated.go:389.69,391.74 2 0
github.com/openchami/boot-service/pkg/client/client_generated.go:391.74,393.3 1 0
github.com/openchami/boot-service/pkg/client/client_generated.go:394.2,394.22 1 0
github.com/openchami/boot-service/pkg/client/client_generated.go:398.79,401.72 3 0
github.com/openchami/boot-service/pkg/client/client_generated.go:401.72,403.3 1 0
github.com/openchami/boot-service/pkg/client/client_generated.go:404.2,404.21 1 0
github.com/openchami/boot-service/pkg/client/client_generated.go:408.93,410.73 2 0
github.com/openchami/boot-service/pkg/client/client_generated.go:410.73,412.3 1 0
github.com/openchami/boot-service/pkg/client/client_generated.go:413.2,413.21 1 0
github.com/openchami/boot-service/pkg/client/client_generated.go:417.105,420.72 3 0
github.com/openchami/boot-service/pkg/client/client_generated.go:420.72,422.3 1 0
github.com/openchami/boot-service/pkg/client/client_generated.go:423.2,423.21 1 0
github.com/openchami/boot-service/pkg/client/client_generated.go:427.119,430.89 3 0
[...]
github.com/openchami/boot-service/pkg/handlers/legacy/handlers.go:369.44,370.27 1 0
github.com/openchami/boot-service/pkg/handlers/legacy/handlers.go:370.27,372.5 1 0
github.com/openchami/boot-service/pkg/handlers/legacy/handlers.go:376.2,376.14 1 0
github.com/openchami/boot-service/pkg/resources/register_generated.go:19.57,20.57 1 0
github.com/openchami/boot-service/pkg/resources/register_generated.go:20.57,22.3 1 0
github.com/openchami/boot-service/pkg/resources/register_generated.go:23.2,23.85 1 0
github.com/openchami/boot-service/pkg/resources/register_generated.go:23.85,25.3 1 0
github.com/openchami/boot-service/pkg/resources/register_generated.go:26.2,26.59 1 0
github.com/openchami/boot-service/pkg/resources/register_generated.go:26.59,28.3 1 0
github.com/openchami/boot-service/pkg/resources/register_generated.go:30.2,30.12 1 0
github.com/openchami/boot-service/pkg/validation/validators.go:16.39,17.17 1 0
github.com/openchami/boot-service/pkg/validation/validators.go:17.17,19.3 1 0
github.com/openchami/boot-service/pkg/validation/validators.go:22.2,24.16 3 0
github.com/openchami/boot-service/pkg/validation/validators.go:28.48,29.17 1 0
github.com/openchami/boot-service/pkg/validation/validators.go:29.17,31.3 1 0
github.com/openchami/boot-service/pkg/validation/validators.go:34.2,34.34 1 0
github.com/openchami/boot-service/pkg/validation/validators.go:34.34,39.3 3 0
github.com/openchami/boot-service/pkg/validation/validators.go:42.2,42.24 1 0
github.com/openchami/boot-service/pkg/validation/validators.go:42.24,44.3 1 0
github.com/openchami/boot-service/pkg/validation/validators.go:47.2,47.29 1 0
github.com/openchami/boot-service/pkg/validation/validators.go:51.35,52.15 1 0
github.com/openchami/boot-service/pkg/validation/validators.go:52.15,54.3 1 0
github.com/openchami/boot-service/pkg/validation/validators.go:56.2,57.19 2 0
github.com/openchami/boot-service/pkg/validation/validators.go:61.43,62.17 1 0
github.com/openchami/boot-service/pkg/validation/validators.go:62.17,64.3 1 0
github.com/openchami/boot-service/pkg/validation/validators.go:67.2,67.52 1 0
github.com/openchami/boot-service/pkg/validation/validators.go:67.52,69.64 1 0
github.com/openchami/boot-service/pkg/validation/validators.go:69.64,71.4 1 0
github.com/openchami/boot-service/pkg/validation/validators.go:75.2,75.35 1 0
github.com/openchami/boot-service/pkg/validation/validators.go:75.35,77.3 1 0
github.com/openchami/boot-service/pkg/validation/validators.go:79.2,79.14 1 0
github.com/openchami/boot-service/pkg/validation/validators.go:83.51,84.17 1 0
github.com/openchami/boot-service/pkg/validation/validators.go:84.17,86.3 1 0
github.com/openchami/boot-service/pkg/validation/validators.go:88.2,88.33 1 0
github.com/openchami/boot-service/pkg/resources/bmc/bmc.go:44.51,52.2 1 0
github.com/openchami/boot-service/pkg/resources/bmc/bmc.go:54.13,57.2 1 0
github.com/openchami/boot-service/pkg/resources/bootconfiguration/bootconfiguration.go:49.65,51.25 1 0
github.com/openchami/boot-service/pkg/resources/bootconfiguration/bootconfiguration.go:51.25,53.3 1 0
github.com/openchami/boot-service/pkg/resources/bootconfiguration/bootconfiguration.go:56.2,56.36 1 0
github.com/openchami/boot-service/pkg/resources/bootconfiguration/bootconfiguration.go:56.36,57.47 1 0
github.com/openchami/boot-service/pkg/resources/bootconfiguration/bootconfiguration.go:57.47,59.4 1 0
github.com/openchami/boot-service/pkg/resources/bootconfiguration/bootconfiguration.go:63.2,63.34 1 0
github.com/openchami/boot-service/pkg/resources/bootconfiguration/bootconfiguration.go:63.34,64.35 1 0
github.com/openchami/boot-service/pkg/resources/bootconfiguration/bootconfiguration.go:64.35,66.4 1 0
github.com/openchami/boot-service/pkg/resources/bootconfiguration/bootconfiguration.go:70.2,70.50 1 0
github.com/openchami/boot-service/pkg/resources/bootconfiguration/bootconfiguration.go:70.50,72.3 1 0
github.com/openchami/boot-service/pkg/resources/bootconfiguration/bootconfiguration.go:75.2,75.81 1 0
github.com/openchami/boot-service/pkg/resources/bootconfiguration/bootconfiguration.go:75.81,77.3 1 0
github.com/openchami/boot-service/pkg/resources/bootconfiguration/bootconfiguration.go:80.2,80.50 1 0
github.com/openchami/boot-service/pkg/resources/bootconfiguration/bootconfiguration.go:80.50,82.3 1 0
github.com/openchami/boot-service/pkg/resources/bootconfiguration/bootconfiguration.go:85.2,85.105 1 0
github.com/openchami/boot-service/pkg/resources/bootconfiguration/bootconfiguration.go:85.105,87.3 1 0
github.com/openchami/boot-service/pkg/resources/bootconfiguration/bootconfiguration.go:89.2,89.12 1 0
github.com/openchami/boot-service/pkg/resources/bootconfiguration/bootconfiguration.go:92.13,95.2 1 0
github.com/openchami/boot-service/pkg/resources/node/node.go:52.52,54.45 1 0
github.com/openchami/boot-service/pkg/resources/node/node.go:54.45,56.3 1 0
github.com/openchami/boot-service/pkg/resources/node/node.go:59.2,59.69 1 0
github.com/openchami/boot-service/pkg/resources/node/node.go:59.69,61.3 1 0
github.com/openchami/boot-service/pkg/resources/node/node.go:63.2,63.12 1 0
github.com/openchami/boot-service/pkg/resources/node/node.go:66.13,69.2 1 0
github.com/openchami/boot-service/pkg/auth/config.go:47.29,59.2 1 4
github.com/openchami/boot-service/pkg/auth/config.go:62.25,72.2 9 1
github.com/openchami/boot-service/pkg/auth/config.go:75.86,76.19 1 8
github.com/openchami/boot-service/pkg/auth/config.go:76.19,78.3 1 8
github.com/openchami/boot-service/pkg/auth/config.go:81.2,81.16 1 8
github.com/openchami/boot-service/pkg/auth/config.go:81.16,83.47 2 1
github.com/openchami/boot-service/pkg/auth/config.go:83.47,85.4 1 1
github.com/openchami/boot-service/pkg/auth/config.go:89.2,102.26 3 7
github.com/openchami/boot-service/pkg/auth/config.go:102.26,105.20 2 5
github.com/openchami/boot-service/pkg/auth/config.go:105.20,107.4 1 0
github.com/openchami/boot-service/pkg/auth/config.go:107.9,109.18 2 5
github.com/openchami/boot-service/pkg/auth/config.go:109.18,111.5 1 0
github.com/openchami/boot-service/pkg/auth/config.go:111.10,111.56 1 5
github.com/openchami/boot-service/pkg/auth/config.go:111.56,114.5 2 5
github.com/openchami/boot-service/pkg/auth/config.go:114.10,116.5 1 0
github.com/openchami/boot-service/pkg/auth/config.go:120.2,120.21 1 7
github.com/openchami/boot-service/pkg/auth/config.go:120.21,123.3 2 0
github.com/openchami/boot-service/pkg/auth/config.go:126.2,129.31 2 7
github.com/openchami/boot-service/pkg/auth/config.go:129.31,131.47 2 0
github.com/openchami/boot-service/pkg/auth/config.go:131.47,133.4 1 0
github.com/openchami/boot-service/pkg/auth/config.go:136.2,136.22 1 7
github.com/openchami/boot-service/pkg/auth/config.go:140.78,141.22 1 5
github.com/openchami/boot-service/pkg/auth/config.go:141.22,143.47 1 1
github.com/openchami/boot-service/pkg/auth/config.go:143.47,145.4 1 1
github.com/openchami/boot-service/pkg/auth/config.go:148.2,148.22 1 4
github.com/openchami/boot-service/pkg/auth/config.go:148.22,150.3 1 3
github.com/openchami/boot-service/pkg/auth/config.go:152.2,152.43 1 1
github.com/openchami/boot-service/pkg/auth/config.go:156.91,158.2 1 1
github.com/openchami/boot-service/pkg/auth/config.go:161.69,163.2 1 3
github.com/openchami/boot-service/pkg/auth/config.go:166.72,168.2 1 1
github.com/openchami/boot-service/pkg/auth/testing.go:21.48,32.2 1 5
github.com/openchami/boot-service/pkg/auth/testing.go:35.34,44.2 8 1
github.com/openchami/boot-service/pkg/auth/testing.go:54.50,56.16 2 4
github.com/openchami/boot-service/pkg/auth/testing.go:56.16,58.3 1 0
github.com/openchami/boot-service/pkg/auth/testing.go:61.2,62.16 2 4
github.com/openchami/boot-service/pkg/auth/testing.go:62.16,64.3 1 0
github.com/openchami/boot-service/pkg/auth/testing.go:66.2,75.8 2 4
github.com/openchami/boot-service/pkg/auth/testing.go:79.84,80.19 1 2
github.com/openchami/boot-service/pkg/auth/testing.go:80.19,102.3 2 1
github.com/openchami/boot-service/pkg/auth/testing.go:104.2,105.47 2 2
github.com/openchami/boot-service/pkg/auth/testing.go:109.87,133.2 4 2
github.com/openchami/boot-service/pkg/auth/testing.go:136.113,161.2 4 1
github.com/openchami/boot-service/pkg/auth/testing.go:164.56,169.2 4 5
github.com/openchami/boot-service/pkg/clients/hsm/client.go:67.35,76.2 1 7
github.com/openchami/boot-service/pkg/clients/hsm/client.go:101.50,107.2 1 7
github.com/openchami/boot-service/pkg/clients/hsm/client.go:110.65,115.50 4 8
github.com/openchami/boot-service/pkg/clients/hsm/client.go:115.50,117.3 1 7
github.com/openchami/boot-service/pkg/clients/hsm/client.go:119.2,119.25 1 1
github.com/openchami/boot-service/pkg/clients/hsm/client.go:123.64,128.50 4 2
github.com/openchami/boot-service/pkg/clients/hsm/client.go:128.50,130.3 1 2
github.com/openchami/boot-service/pkg/clients/hsm/client.go:132.2,132.25 1 0
github.com/openchami/boot-service/pkg/clients/hsm/client.go:136.63,144.2 3 5
github.com/openchami/boot-service/pkg/clients/hsm/client.go:147.62,155.2 3 2
github.com/openchami/boot-service/pkg/clients/hsm/client.go:158.68,159.19 1 7
github.com/openchami/boot-service/pkg/clients/hsm/client.go:159.19,161.3 1 0
github.com/openchami/boot-service/pkg/clients/hsm/client.go:163.2,179.3 3 7
github.com/openchami/boot-service/pkg/clients/hsm/client.go:183.80,185.66 1 5
github.com/openchami/boot-service/pkg/clients/hsm/client.go:185.66,188.3 2 1
github.com/openchami/boot-service/pkg/clients/hsm/client.go:190.2,193.16 3 4
github.com/openchami/boot-service/pkg/clients/hsm/client.go:193.16,195.3 1 0
github.com/openchami/boot-service/pkg/clients/hsm/client.go:198.2,198.30 1 4
github.com/openchami/boot-service/pkg/clients/hsm/client.go:198.30,200.3 1 0
github.com/openchami/boot-service/pkg/clients/hsm/client.go:202.2,203.16 2 4
github.com/openchami/boot-service/pkg/clients/hsm/client.go:203.16,205.3 1 0
github.com/openchami/boot-service/pkg/clients/hsm/client.go:206.2,208.38 2 4
github.com/openchami/boot-service/pkg/clients/hsm/client.go:208.38,210.3 1 1
github.com/openchami/boot-service/pkg/clients/hsm/client.go:212.2,213.68 2 3
github.com/openchami/boot-service/pkg/clients/hsm/client.go:213.68,215.3 1 0
github.com/openchami/boot-service/pkg/clients/hsm/client.go:218.2,221.32 3 3
github.com/openchami/boot-service/pkg/clients/hsm/client.go:225.98,228.58 2 3
github.com/openchami/boot-service/pkg/clients/hsm/client.go:228.58,231.3 2 0
github.com/openchami/boot-service/pkg/clients/hsm/client.go:233.2,236.16 3 3
github.com/openchami/boot-service/pkg/clients/hsm/client.go:236.16,238.3 1 0
github.com/openchami/boot-service/pkg/clients/hsm/client.go:241.2,241.30 1 3
github.com/openchami/boot-service/pkg/clients/hsm/client.go:241.30,243.3 1 0
github.com/openchami/boot-service/pkg/clients/hsm/client.go:245.2,246.16 2 3
github.com/openchami/boot-service/pkg/clients/hsm/client.go:246.16,248.3 1 0
github.com/openchami/boot-service/pkg/clients/hsm/client.go:249.2,251.44 2 3
github.com/openchami/boot-service/pkg/clients/hsm/client.go:251.44,253.3 1 1
github.com/openchami/boot-service/pkg/clients/hsm/client.go:255.2,255.38 1 2
github.com/openchami/boot-service/pkg/clients/hsm/client.go:255.38,257.3 1 0
github.com/openchami/boot-service/pkg/clients/hsm/client.go:259.2,260.70 2 2
github.com/openchami/boot-service/pkg/clients/hsm/client.go:260.70,262.3 1 0
github.com/openchami/boot-service/pkg/clients/hsm/client.go:265.2,268.24 3 2
github.com/openchami/boot-service/pkg/clients/hsm/client.go:272.96,274.63 1 2
github.com/openchami/boot-service/pkg/clients/hsm/client.go:274.63,277.3 2 0
github.com/openchami/boot-service/pkg/clients/hsm/client.go:279.2,282.16 3 2
github.com/openchami/boot-service/pkg/clients/hsm/client.go:282.16,284.3 1 0
github.com/openchami/boot-service/pkg/clients/hsm/client.go:287.2,287.30 1 2
github.com/openchami/boot-service/pkg/clients/hsm/client.go:287.30,289.3 1 0
github.com/openchami/boot-service/pkg/clients/hsm/client.go:291.2,292.16 2 2
github.com/openchami/boot-service/pkg/clients/hsm/client.go:292.16,294.3 1 0
github.com/openchami/boot-service/pkg/clients/hsm/client.go:295.2,297.38 2 2
github.com/openchami/boot-service/pkg/clients/hsm/client.go:297.38,299.3 1 0
github.com/openchami/boot-service/pkg/clients/hsm/client.go:301.2,302.68 2 2
github.com/openchami/boot-service/pkg/clients/hsm/client.go:302.68,304.3 1 0
github.com/openchami/boot-service/pkg/clients/hsm/client.go:307.2,310.40 3 2
github.com/openchami/boot-service/pkg/clients/hsm/client.go:314.102,317.16 2 1
github.com/openchami/boot-service/pkg/clients/hsm/client.go:317.16,319.3 1 0
github.com/openchami/boot-service/pkg/clients/hsm/client.go:322.2,323.35 2 1
github.com/openchami/boot-service/pkg/clients/hsm/client.go:323.35,324.37 1 1
github.com/openchami/boot-service/pkg/clients/hsm/client.go:324.37,326.9 2 1
github.com/openchami/boot-service/pkg/clients/hsm/client.go:330.2,330.23 1 1
github.com/openchami/boot-service/pkg/clients/hsm/client.go:330.23,332.3 1 0
github.com/openchami/boot-service/pkg/clients/hsm/client.go:335.2,335.41 1 1
github.com/openchami/boot-service/pkg/clients/hsm/client.go:339.55,343.16 3 1
github.com/openchami/boot-service/pkg/clients/hsm/client.go:343.16,345.3 1 0
github.com/openchami/boot-service/pkg/clients/hsm/client.go:347.2,348.16 2 1
github.com/openchami/boot-service/pkg/clients/hsm/client.go:348.16,350.3 1 0
github.com/openchami/boot-service/pkg/clients/hsm/client.go:351.2,353.38 2 1
github.com/openchami/boot-service/pkg/clients/hsm/client.go:353.38,355.3 1 0
github.com/openchami/boot-service/pkg/clients/hsm/client.go:357.2,357.12 1 1
github.com/openchami/boot-service/pkg/clients/hsm/client.go:361.34,369.2 5 0
github.com/openchami/boot-service/pkg/clients/hsm/client.go:372.74,382.20 2 0
github.com/openchami/boot-service/pkg/clients/hsm/client.go:382.20,390.3 6 0
github.com/openchami/boot-service/pkg/clients/hsm/client.go:392.2,392.14 1 0
github.com/openchami/boot-service/pkg/clients/hsm/integration.go:35.51,41.2 1 0
github.com/openchami/boot-service/pkg/clients/hsm/integration.go:44.120,45.19 1 0
github.com/openchami/boot-service/pkg/clients/hsm/integration.go:45.19,47.3 1 0
github.com/openchami/boot-service/pkg/clients/hsm/integration.go:49.2,57.3 2 0
github.com/openchami/boot-service/pkg/clients/hsm/integration.go:61.74,66.16 3 0
github.com/openchami/boot-service/pkg/clients/hsm/integration.go:66.16,68.3 1 0
github.com/openchami/boot-service/pkg/clients/hsm/integration.go:71.2,72.34 2 0
github.com/openchami/boot-service/pkg/clients/hsm/integration.go:72.34,73.84 1 0
github.com/openchami/boot-service/pkg/clients/hsm/integration.go:73.84,75.4 1 0
github.com/openchami/boot-service/pkg/clients/hsm/integration.go:78.2,82.16 3 0
github.com/openchami/boot-service/pkg/clients/hsm/integration.go:82.16,84.3 1 0
github.com/openchami/boot-service/pkg/clients/hsm/integration.go:87.2,88.35 2 0
github.com/openchami/boot-service/pkg/clients/hsm/integration.go:88.35,89.27 1 0
github.com/openchami/boot-service/pkg/clients/hsm/integration.go:89.27,91.4 1 0
github.com/openchami/boot-service/pkg/clients/hsm/integration.go:95.2,96.16 2 0
github.com/openchami/boot-service/pkg/clients/hsm/integration.go:96.16,98.3 1 0
github.com/openchami/boot-service/pkg/clients/hsm/integration.go:101.2,102.31 2 0
github.com/openchami/boot-service/pkg/clients/hsm/integration.go:102.31,104.3 1 0
github.com/openchami/boot-service/pkg/clients/hsm/integration.go:107.2,108.36 2 0
github.com/openchami/boot-service/pkg/clients/hsm/integration.go:108.36,110.17 2 0
github.com/openchami/boot-service/pkg/clients/hsm/integration.go:110.17,112.12 2 0
github.com/openchami/boot-service/pkg/clients/hsm/integration.go:116.3,116.55 1 0
github.com/openchami/boot-service/pkg/clients/hsm/integration.go:116.55,117.45 1 0
github.com/openchami/boot-service/pkg/clients/hsm/integration.go:117.45,119.5 1 0
github.com/openchami/boot-service/pkg/clients/hsm/integration.go:119.10,121.5 1 0
github.com/openchami/boot-service/pkg/clients/hsm/integration.go:122.9,124.4 1 0
github.com/openchami/boot-service/pkg/clients/hsm/integration.go:127.2,128.12 2 0
github.com/openchami/boot-service/pkg/clients/hsm/integration.go:132.146,149.12 4 0
github.com/openchami/boot-service/pkg/clients/hsm/integration.go:149.12,151.44 1 0
github.com/openchami/boot-service/pkg/clients/hsm/integration.go:151.44,157.18 3 0
github.com/openchami/boot-service/pkg/clients/hsm/integration.go:157.18,159.5 1 0
github.com/openchami/boot-service/pkg/clients/hsm/integration.go:161.4,161.56 1 0
github.com/openchami/boot-service/pkg/clients/hsm/integration.go:163.8,171.17 3 0
github.com/openchami/boot-service/pkg/clients/hsm/integration.go:171.17,173.4 1 0
github.com/openchami/boot-service/pkg/clients/hsm/integration.go:175.3,175.55 1 0
github.com/openchami/boot-service/pkg/clients/hsm/integration.go:178.2,178.12 1 0
github.com/openchami/boot-service/pkg/clients/hsm/integration.go:182.113,184.35 1 0
github.com/openchami/boot-service/pkg/clients/hsm/integration.go:184.35,186.3 1 0
github.com/openchami/boot-service/pkg/clients/hsm/integration.go:189.2,189.37 1 0
github.com/openchami/boot-service/pkg/clients/hsm/integration.go:189.37,191.3 1 0
github.com/openchami/boot-service/pkg/clients/hsm/integration.go:194.2,194.43 1 0
github.com/openchami/boot-service/pkg/clients/hsm/integration.go:194.43,196.3 1 0
github.com/openchami/boot-service/pkg/clients/hsm/integration.go:199.2,200.41 2 0
github.com/openchami/boot-service/pkg/clients/hsm/integration.go:204.114,207.16 2 0
github.com/openchami/boot-service/pkg/clients/hsm/integration.go:207.16,209.3 1 0
github.com/openchami/boot-service/pkg/clients/hsm/integration.go:212.2,212.23 1 0
github.com/openchami/boot-service/pkg/clients/hsm/integration.go:212.23,214.33 2 0
github.com/openchami/boot-service/pkg/clients/hsm/integration.go:214.33,216.4 1 0
github.com/openchami/boot-service/pkg/clients/hsm/integration.go:217.3,217.50 1 0
github.com/openchami/boot-service/pkg/clients/hsm/integration.go:217.50,219.4 1 0
github.com/openchami/boot-service/pkg/clients/hsm/integration.go:220.3,220.35 1 0
github.com/openchami/boot-service/pkg/clients/hsm/integration.go:220.35,222.4 1 0
github.com/openchami/boot-service/pkg/clients/hsm/integration.go:226.2,230.16 3 0
github.com/openchami/boot-service/pkg/clients/hsm/integration.go:230.16,232.3 1 0
github.com/openchami/boot-service/pkg/clients/hsm/integration.go:235.2,236.16 2 0
github.com/openchami/boot-service/pkg/clients/hsm/integration.go:236.16,238.3 1 0
github.com/openchami/boot-service/pkg/clients/hsm/integration.go:240.2,240.80 1 0
github.com/openchami/boot-service/pkg/clients/hsm/integration.go:244.117,247.16 2 0
github.com/openchami/boot-service/pkg/clients/hsm/integration.go:247.16,249.3 1 0
github.com/openchami/boot-service/pkg/clients/hsm/integration.go:251.2,252.35 2 0
github.com/openchami/boot-service/pkg/clients/hsm/integration.go:252.35,253.35 1 0
github.com/openchami/boot-service/pkg/clients/hsm/integration.go:253.35,255.9 2 0
github.com/openchami/boot-service/pkg/clients/hsm/integration.go:260.2,268.8 1 0
github.com/openchami/boot-service/pkg/clients/hsm/integration.go:272.69,274.2 1 0
github.com/openchami/boot-service/pkg/clients/hsm/integration.go:277.67,278.20 1 0
github.com/openchami/boot-service/pkg/clients/hsm/integration.go:278.20,281.3 2 0
github.com/openchami/boot-service/pkg/clients/hsm/integration.go:283.2,289.48 4 0
github.com/openchami/boot-service/pkg/clients/hsm/integration.go:289.48,291.3 1 0
github.com/openchami/boot-service/pkg/clients/hsm/integration.go:293.2,293.6 1 0
github.com/openchami/boot-service/pkg/clients/hsm/integration.go:293.6,294.10 1 0
github.com/openchami/boot-service/pkg/clients/hsm/integration.go:295.21,297.10 2 0
github.com/openchami/boot-service/pkg/clients/hsm/integration.go:299.19,300.50 1 0
github.com/openchami/boot-service/pkg/clients/hsm/integration.go:300.50,302.5 1 0
github.com/openchami/boot-service/pkg/clients/hsm/integration.go:308.95,320.2 3 0
github.com/openchami/boot-service/pkg/clients/hsm/integration.go:323.83,335.2 3 0
